                                                                                                            [I 2026-06-01 07:28:40,215] Trial 9 finished with value: 6.369968993632041 and parameters: {'dd_neurons': 510, 'conn_prob': 0.8066583652537123, 'dd_drive': 203.67541324756795}. Best is trial 2 with value: 2.7070643735241093.
    Best trial: 2. Best value: 2.70706:  32%|███▏      | 8/25 [02:37<04:10, 14.74s/it, 139.78/36000 seconds]    Best trial: 2. Best value: 2.70706:  32%|███▏      | 8/25 [02:37<04:10, 14.74s/it, 139.78/36000 seconds]    Best trial: 2. Best value: 2.70706:  36%|███▌      | 9/25 [02:37<04:11, 15.74s/it, 139.78/36000 seconds]    Best trial: 2. Best value: 2.70706:  36%|███▌      | 9/25 [02:37<04:11, 15.74s/it, 157.72/36000 seconds]Trial 10: FR=29.9±5.9Hz, obj=2.148 (mean_err=0.780, std_err=1.368)
                                                                                                            [I 2026-06-01 07:28:54,554] Trial 10 finished with value: 2.1481464462118653 and parameters: {'dd_neurons': 563, 'conn_prob': 0.6331731119758383, 'dd_drive': 51.218160656397735}. Best is trial 10 with value: 2.1481464462118653.
    Best trial: 2. Best value: 2.70706:  36%|███▌      | 9/25 [02:52<04:11, 15.74s/it, 157.72/36000 seconds]    Best trial: 10. Best value: 2.14815:  36%|███▌      | 9/25 [02:52<04:11, 15.74s/it, 157.72/36000 seconds]    Best trial: 10. Best value: 2.14815:  40%|████      | 10/25 [02:52<03:49, 15.31s/it, 157.72/36000 seconds]    Best trial: 10. Best value: 2.14815:  40%|████      | 10/25 [02:52<03:49, 15.31s/it, 172.06/36000 seconds]Trial 11: FR=161.1±143.9Hz, obj=65.172 (mean_err=8.579, std_err=56.569)
                                                                                                              [I 2026-06-01 07:29:22,020] Trial 11 finished with value: 65.17195105578288 and parameters: {'dd_neurons': 827, 'conn_prob': 0.799513413248344, 'dd_drive': 196.77676310377643}. Best is trial 10 with value: 2.1481464462118653.
    Best trial: 10. Best value: 2.14815:  40%|████      | 10/25 [03:19<03:49, 15.31s/it, 172.06/36000 seconds]    Best trial: 10. Best value: 2.14815:  40%|████      | 10/25 [03:19<03:49, 15.31s/it, 172.06/36000 seconds]    Best trial: 10. Best value: 2.14815:  44%|████▍     | 11/25 [03:19<04:26, 19.03s/it, 172.06/36000 seconds]    Best trial: 10. Best value: 2.14815:  44%|████▍     | 11/25 [03:19<04:26, 19.03s/it, 199.53/36000 seconds]Trial 12: FR=4.2±2.0Hz, obj=0.954 (mean_err=0.753, std_err=0.202)
                                                                                                              [I 2026-06-01 07:29:33,656] Trial 12 finished with value: 0.9543424415242502 and parameters: {'dd_neurons': 632, 'conn_prob': 0.2027038856309737, 'dd_drive': 32.67355703031478}. Best is trial 12 with value: 0.9543424415242502.
    Best trial: 10. Best value: 2.14815:  44%|████▍     | 11/25 [03:31<04:26, 19.03s/it, 199.53/36000 seconds]    Best trial: 12. Best value: 0.954342:  44%|████▍     | 11/25 [03:31<04:26, 19.03s/it, 199.53/36000 seconds]    Best trial: 12. Best value: 0.954342:  48%|████▊     | 12/25 [03:31<03:38, 16.78s/it, 199.53/36000 seconds]    Best trial: 12. Best value: 0.954342:  48%|████▊     | 12/25 [03:31<03:38, 16.78s/it, 211.17/36000 seconds]Trial 13: FR=25.9±4.0Hz, obj=1.144 (mean_err=0.540, std_err=0.600)
                                                                                                               [I 2026-06-01 07:29:40,203] Trial 13 finished with value: 1.1441313350809266 and parameters: {'dd_neurons': 189, 'conn_prob': 0.7436526509771155, 'dd_drive': 107.6606986145913}. Best is trial 12 with value: 0.9543424415242502.
    Best trial: 12. Best value: 0.954342:  48%|████▊     | 12/25 [03:37<03:38, 16.78s/it, 211.17/36000 seconds]    Best trial: 12. Best value: 0.954342:  48%|████▊     | 12/25 [03:37<03:38, 16.78s/it, 211.17/36000 seconds]    Best trial: 12. Best value: 0.954342:  52%|█████▏    | 13/25 [03:37<02:44, 13.68s/it, 211.17/36000 seconds]    Best trial: 12. Best value: 0.954342:  52%|█████▏    | 13/25 [03:37<02:44, 13.68s/it, 217.71/36000 seconds]Trial 14: FR=32.8±4.8Hz, obj=1.869 (mean_err=0.948, std_err=0.917)
                                                                                                               [I 2026-06-01 07:29:45,623] Trial 14 finished with value: 1.868660393094842 and parameters: {'dd_neurons': 127, 'conn_prob': 0.7350413951529284, 'dd_drive': 218.4243128968272}. Best is trial 12 with value: 0.9543424415242502.
    Best trial: 12. Best value: 0.954342:  52%|█████▏    | 13/25 [03:43<02:44, 13.68s/it, 217.71/36000 seconds]    Best trial: 12. Best value: 0.954342:  52%|█████▏    | 13/25 [03:43<02:44, 13.68s/it, 217.71/36000 seconds]    Best trial: 12. Best value: 0.954342:  56%|█████▌    | 14/25 [03:43<02:03, 11.19s/it, 217.71/36000 seconds]    Best trial: 12. Best value: 0.954342:  56%|█████▌    | 14/25 [03:43<02:03, 11.19s/it, 223.13/36000 seconds]                                                                                                               [I 2026-06-01 07:29:51,698] Trial 15 finished with value: 1000.0 and parameters: {'dd_neurons': 285, 'conn_prob': 0.2251953201560079, 'dd_drive': 33.598377793099075}. Best is trial 12 with value: 0.9543424415242502.
    Best trial: 12. Best value: 0.954342:  56%|█████▌    | 14/25 [03:49<02:03, 11.19s/it, 223.13/36000 seconds]    Best trial: 12. Best value: 0.954342:  56%|█████▌    | 14/25 [03:49<02:03, 11.19s/it, 223.13/36000 seconds]    Best trial: 12. Best value: 0.954342:  60%|██████    | 15/25 [03:49<01:36,  9.65s/it, 223.13/36000 seconds]    Best trial: 12. Best value: 0.954342:  60%|██████    | 15/25 [03:49<01:36,  9.65s/it, 229.21/36000 seconds]Trial 16: FR=37.9±5.6Hz, obj=2.532 (mean_err=1.251, std_err=1.253)
                                                                                                               [I 2026-06-01 07:30:00,691] Trial 16 finished with value: 2.5323285488832967 and parameters: {'dd_neurons': 247, 'conn_prob': 0.9883870136118017, 'dd_drive': 101.9221008068317}. Best is trial 12 with value: 0.9543424415242502.
    Best trial: 12. Best value: 0.954342:  60%|██████    | 15/25 [03:58<01:36,  9.65s/it, 229.21/36000 seconds]    Best trial: 12. Best value: 0.954342:  60%|██████    | 15/25 [03:58<01:36,  9.65s/it, 229.21/36000 seconds]    Best trial: 12. Best value: 0.954342:  64%|██████▍   | 16/25 [03:58<01:25,  9.45s/it, 229.21/36000 seconds]    Best trial: 12. Best value: 0.954342:  64%|██████▍   | 16/25 [03:58<01:25,  9.45s/it, 238.20/36000 seconds]                                                                                                               [I 2026-06-01 07:30:12,654] Trial 17 finished with value: 1000.0 and parameters: {'dd_neurons': 699, 'conn_prob': 0.1163681670380706, 'dd_drive': 41.42729159294581}. Best is trial 12 with value: 0.9543424415242502.
    Best trial: 12. Best value: 0.954342:  64%|██████▍   | 16/25 [04:10<01:25,  9.45s/it, 238.20/36000 seconds]    Best trial: 12. Best value: 0.954342:  64%|██████▍   | 16/25 [04:10<01:25,  9.45s/it, 238.20/36000 seconds]    Best trial: 12. Best value: 0.954342:  68%|██████▊   | 17/25 [04:10<01:21, 10.20s/it, 238.20/36000 seconds]    Best trial: 12. Best value: 0.954342:  68%|██████▊   | 17/25 [04:10<01:21, 10.20s/it, 250.16/36000 seconds]Trial 18: FR=2.9±1.6Hz, obj=1.198 (mean_err=0.826, std_err=0.372)
                                                                                                               [I 2026-06-01 07:30:19,040] Trial 18 finished with value: 1.1979719460440283 and parameters: {'dd_neurons': 244, 'conn_prob': 0.49701434068974637, 'dd_drive': 34.14678256500264}. Best is trial 12 with value: 0.9543424415242502.
    Best trial: 12. Best value: 0.954342:  68%|██████▊   | 17/25 [04:16<01:21, 10.20s/it, 250.16/36000 seconds]    Best trial: 12. Best value: 0.954342:  68%|██████▊   | 17/25 [04:16<01:21, 10.20s/it, 250.16/36000 seconds]    Best trial: 12. Best value: 0.954342:  72%|███████▏  | 18/25 [04:16<01:03,  9.06s/it, 250.16/36000 seconds]    Best trial: 12. Best value: 0.954342:  72%|███████▏  | 18/25 [04:16<01:03,  9.06s/it, 256.55/36000 seconds]Trial 19: FR=86.8±7.4Hz, obj=6.129 (mean_err=4.160, std_err=1.969)
                                                                                                               [I 2026-06-01 07:30:33,311] Trial 19 finished with value: 6.128944655101292 and parameters: {'dd_neurons': 397, 'conn_prob': 0.5816522415604415, 'dd_drive': 341.3148169033072}. Best is trial 12 with value: 0.9543424415242502.
    Best trial: 12. Best value: 0.954342:  72%|███████▏  | 18/25 [04:30<01:03,  9.06s/it, 256.55/36000 seconds]    Best trial: 12. Best value: 0.954342:  72%|███████▏  | 18/25 [04:30<01:03,  9.06s/it, 256.55/36000 seconds]    Best trial: 12. Best value: 0.954342:  76%|███████▌  | 19/25 [04:30<01:03, 10.62s/it, 256.55/36000 seconds]    Best trial: 12. Best value: 0.954342:  76%|███████▌  | 19/25 [04:30<01:03, 10.62s/it, 270.82/36000 seconds]Trial 20: FR=28.2±5.8Hz, obj=1.997 (mean_err=0.675, std_err=1.321)
                                                                                                               [I 2026-06-01 07:30:44,496] Trial 20 finished with value: 1.9968437074975487 and parameters: {'dd_neurons': 386, 'conn_prob': 0.10546961333508002, 'dd_drive': 424.8623998947541}. Best is trial 12 with value: 0.9543424415242502.
    Best trial: 12. Best value: 0.954342:  76%|███████▌  | 19/25 [04:42<01:03, 10.62s/it, 270.82/36000 seconds]    Best trial: 12. Best value: 0.954342:  76%|███████▌  | 19/25 [04:42<01:03, 10.62s/it, 270.82/36000 seconds]    Best trial: 12. Best value: 0.954342:  80%|████████  | 20/25 [04:42<00:53, 10.79s/it, 270.82/36000 seconds]    Best trial: 12. Best value: 0.954342:  80%|████████  | 20/25 [04:42<00:53, 10.79s/it, 282.01/36000 seconds]Trial 21: FR=295.0±235.7Hz, obj=109.836 (mean_err=16.537, std_err=93.293)
                                                                                                               [I 2026-06-01 07:31:28,331] Trial 21 finished with value: 109.8360137509215 and parameters: {'dd_neurons': 812, 'conn_prob': 0.6877028441297923, 'dd_drive': 822.0397670760491}. Best is trial 12 with value: 0.9543424415242502.
    Best trial: 12. Best value: 0.954342:  80%|████████  | 20/25 [05:25<00:53, 10.79s/it, 282.01/36000 seconds]    Best trial: 12. Best value: 0.954342:  80%|████████  | 20/25 [05:25<00:53, 10.79s/it, 282.01/36000 seconds]    Best trial: 12. Best value: 0.954342:  84%|████████▍ | 21/25 [05:25<01:22, 20.71s/it, 282.01/36000 seconds]    Best trial: 12. Best value: 0.954342:  84%|████████▍ | 21/25 [05:25<01:22, 20.71s/it, 325.84/36000 seconds]Trial 22: FR=10.5±3.1Hz, obj=0.600 (mean_err=0.375, std_err=0.225)
                                                                                                               [I 2026-06-01 07:31:33,831] Trial 22 finished with value: 0.5996116548047449 and parameters: {'dd_neurons': 184, 'conn_prob': 0.4939293797994684, 'dd_drive': 69.60861908369148}. Best is trial 22 with value: 0.5996116548047449.
    Best trial: 12. Best value: 0.954342:  84%|████████▍ | 21/25 [05:31<01:22, 20.71s/it, 325.84/36000 seconds]    Best trial: 22. Best value: 0.599612:  84%|████████▍ | 21/25 [05:31<01:22, 20.71s/it, 325.84/36000 seconds]    Best trial: 22. Best value: 0.599612:  88%|████████▊ | 22/25 [05:31<00:48, 16.15s/it, 325.84/36000 seconds]    Best trial: 22. Best value: 0.599612:  88%|████████▊ | 22/25 [05:31<00:48, 16.15s/it, 331.34/36000 seconds]                                                                                                               [I 2026-06-01 07:31:40,068] Trial 23 finished with value: 1000.0 and parameters: {'dd_neurons': 225, 'conn_prob': 0.6225579547902492, 'dd_drive': 12.255596657755255}. Best is trial 22 with value: 0.5996116548047449.
    Best trial: 22. Best value: 0.599612:  88%|████████▊ | 22/25 [05:37<00:48, 16.15s/it, 331.34/36000 seconds]    Best trial: 22. Best value: 0.599612:  88%|████████▊ | 22/25 [05:37<00:48, 16.15s/it, 331.34/36000 seconds]    Best trial: 22. Best value: 0.599612:  92%|█████████▏| 23/25 [05:37<00:26, 13.17s/it, 331.34/36000 seconds]    Best trial: 22. Best value: 0.599612:  92%|█████████▏| 23/25 [05:37<00:26, 13.17s/it, 337.58/36000 seconds]Trial 24: FR=23.9±4.8Hz, obj=1.360 (mean_err=0.421, std_err=0.938)
                                                                                                               [I 2026-06-01 07:31:44,609] Trial 24 finished with value: 1.3595566419909677 and parameters: {'dd_neurons': 110, 'conn_prob': 0.5344958254559738, 'dd_drive': 242.8626502922196}. Best is trial 22 with value: 0.5996116548047449.
