
.. DO NOT EDIT.
.. THIS FILE WAS AUTOMATICALLY GENERATED BY SPHINX-GALLERY.
.. TO MAKE CHANGES, EDIT THE SOURCE PYTHON FILE:
.. "auto_examples/02_finetune/01_optimize_dd_for_target_firing_rate.py"
.. LINE NUMBERS ARE GIVEN BELOW.

.. only:: html

    .. note::
        :class: sphx-glr-download-link-note

        :ref:`Go to the end <sphx_glr_download_auto_examples_02_finetune_01_optimize_dd_for_target_firing_rate.py>`
        to download the full example code.

.. rst-class:: sphx-glr-example-title

.. _sphx_glr_auto_examples_02_finetune_01_optimize_dd_for_target_firing_rate.py:


Optimizing Descending Drive Parameters for Target Firing Rates
===============================================================

This example demonstrates **parameter optimization** for descending drive networks using **Optuna**.
The goal is to find network parameters (number of DD neurons, connection probability, drive frequency)
that produce motor neuron firing patterns matching target physiological characteristics.

.. note::
    **Multi-objective optimization** is essential for tuning complex neural network models because:

    - Multiple parameters interact non-linearly (DD neurons, connectivity, synaptic weights)
    - Target outputs have multiple constraints (mean firing rate, variability, recruitment)
    - Manual parameter tuning is time-consuming and may miss optimal combinations
    - Systematic search ensures reproducible, well-documented parameter choices

.. important::
    **Descending Drive (DD) Networks** represent cortical input to spinal motor neurons. Key parameters:

    - ``dd_neurons``: Population size (affects input diversity and convergence)
    - ``conn_probability``: Synaptic connectivity (affects drive strength and correlation)
    - ``dd_drive__Hz``: Input frequency (controls baseline excitation level)
    - ``gamma_shape``: Variability of Poisson processes (affects temporal patterns)

**Optimization Objective**: Match target motor neuron firing rate statistics while maintaining
biologically plausible network parameters.

.. GENERATED FROM PYTHON SOURCE LINES 32-40

Import Libraries
----------------

For optimization, we need:

- **Optuna**: Bayesian optimization framework with TPE sampler
- **NEURON**: Biophysical simulation engine
- **MyoGen**: Motor neuron pools and network connectivity

.. GENERATED FROM PYTHON SOURCE LINES 40-69

.. code-block:: Python


    import json
    import os

    os.environ["MPLBACKEND"] = "Agg"
    if "DISPLAY" in os.environ:
        del os.environ["DISPLAY"]

    import warnings
    from pathlib import Path

    import joblib
    import matplotlib.pyplot as plt
    import numpy as np
    import optuna
    import quantities as pq
    from neo import Segment, SpikeTrain
    from neuron import h

    from myogen import get_random_generator
    from myogen.simulator import RecruitmentThresholds
    from myogen.simulator.neuron import Network
    from myogen.simulator.neuron.populations import AlphaMN__Pool, DescendingDrive__Pool
    from myogen.utils.helper import calculate_firing_rate_statistics, get_gamma_shape_for_mvc
    from myogen.utils.nmodl import load_nmodl_mechanisms

    warnings.filterwarnings("ignore")
    plt.style.use("fivethirtyeight")








.. GENERATED FROM PYTHON SOURCE LINES 70-75

Define Optimization Parameters
-------------------------------

Set target firing rate characteristics and optimization constraints.
These values are based on physiological measurements from motor control studies.

.. GENERATED FROM PYTHON SOURCE LINES 75-109

.. code-block:: Python


    # Target motor neuron firing statistics (from experimental data)
    TARGET_FR_MEAN__HZ = 16.82  # Mean firing rate during isometric contraction
    TARGET_FR_STD__HZ = 2.5  # Standard deviation across motor unit pool

    # Network parameter search space
    N_DD_NEURONS_MIN = 100  # Minimum descending drive population size
    N_DD_NEURONS_MAX = 1000  # Maximum descending drive population size

    # Fixed simulation parameters
    N_MOTOR_UNITS = 100  # Motor neuron pool size
    SIMULATION_TIME_MS = 3000.0  # Simulation duration (ms)
    TIMESTEP_MS = 0.1  # Integration timestep (ms)
    GAMMA_SHAPE = 3.0  # Fixed gamma shape for DD variability
    SYNAPTIC_WEIGHT = 0.05  # DD→MN synaptic weight (µS)

    # Optimization settings
    N_TRIALS = 25  # Number of optimization trials (increase for production use)
    TIMEOUT_SECONDS = 36000  # Maximum optimization time (10 hours)

    # Gfluctdv (fluctuating conductance noise) parameters
    ENABLE_GFLUCTDV = False  # Enable membrane noise in motor neurons
    GFLUCTDV_NOISE_MIN = 5e-6  # Minimum noise amplitude (S/cm²)
    GFLUCTDV_NOISE_MAX = 3e-5  # Maximum noise amplitude (S/cm²)

    # Results directory - use project root to share across examples
    # Handle both manual execution and Sphinx Gallery (where __file__ is not defined)
    try:
        _script_dir = Path(__file__).parent
    except NameError:
        _script_dir = Path.cwd()
    RESULTS_DIR = _script_dir.parent.parent / "results" / "dd_optimization"
    RESULTS_DIR.mkdir(exist_ok=True, parents=True)








.. GENERATED FROM PYTHON SOURCE LINES 110-114

Load NEURON Mechanisms
----------------------

Compile and load the custom NMODL mechanisms needed for biophysical simulation.

.. GENERATED FROM PYTHON SOURCE LINES 114-118

.. code-block:: Python


    load_nmodl_mechanisms()
    h.secondorder = 2  # Use Crank-Nicolson integration (second-order accurate)








.. GENERATED FROM PYTHON SOURCE LINES 119-137

Define Objective Function
--------------------------

The objective function evaluates network performance for a given parameter set.
Optuna will minimize this function to find optimal parameters.

**Optimization variables** (suggested by Optuna each trial):

1. ``dd_neurons``: Number of descending drive neurons [100-1000]
2. ``conn_probability``: DD→MN connection probability [0.1-1.0]
3. ``dd_drive__Hz``: Input drive frequency [5-1000 Hz]
4. ``gfluctdv_noise_amplitude``: Membrane noise level (if enabled)

**Objective components**:

- ``mean_error``: Normalized deviation from target mean firing rate
- ``std_error``: Normalized deviation from target firing rate std
- ``plausibility_penalty``: Soft constraints on biologically unrealistic parameters

.. GENERATED FROM PYTHON SOURCE LINES 137-323

.. code-block:: Python



    def objective(trial):
        """
        Optuna single-objective optimization function.

        Optimizes network parameters to match target firing rate statistics
        while preferring biologically plausible configurations.

        Parameters
        ----------
        trial : optuna.Trial
            Current optimization trial with parameter suggestions

        Returns
        -------
        float
            Objective value (lower is better)
        """
        try:
            # Suggest parameters for this trial
            dd_neurons = trial.suggest_int("dd_neurons", N_DD_NEURONS_MIN, N_DD_NEURONS_MAX)
            conn_probability = trial.suggest_float("conn_prob", 0.1, 1.0)
            dd_drive__Hz = trial.suggest_float("dd_drive", 5.0, 1000.0)

            # Use fixed gamma shape (not optimized)
            gamma_shape = get_gamma_shape_for_mvc(100, mvc_shape_value=GAMMA_SHAPE)

            # Optional: Gfluctdv noise amplitude
            if ENABLE_GFLUCTDV:
                gfluctdv_noise_amplitude = trial.suggest_float(
                    "gfluctdv_noise_amplitude", GFLUCTDV_NOISE_MIN, GFLUCTDV_NOISE_MAX
                )
            else:
                gfluctdv_noise_amplitude = 0.0

            # Create recruitment thresholds for motor unit pool
            recruitment_thresholds, _ = RecruitmentThresholds(
                N=N_MOTOR_UNITS,
                recruitment_range__ratio=100,
                deluca__slope=5,
                konstantin__max_threshold__ratio=1.0,
                mode="combined",
            )

            # Create motor neuron pool
            motor_neuron_pool = AlphaMN__Pool(
                recruitment_thresholds__array=recruitment_thresholds,
                config_file="alpha_mn_default.yaml",
            )

            # Apply Gfluctdv noise if enabled
            if ENABLE_GFLUCTDV:
                for cell in motor_neuron_pool:
                    cell.insert_Gfluctdv()
                    for d in cell.dend:
                        d.std_e_Gfluctdv = gfluctdv_noise_amplitude
                        d.std_i_Gfluctdv = gfluctdv_noise_amplitude

            # Create descending drive pool
            descending_drive_pool = DescendingDrive__Pool(
                n=dd_neurons,
                timestep__ms=TIMESTEP_MS * pq.ms,
                process_type="gamma",
                shape=gamma_shape,  # type: ignore
            )

            # Build network with synaptic connections
            network = Network({"DD": descending_drive_pool, "aMN": motor_neuron_pool})
            network.connect(
                source="DD",
                target="aMN",
                probability=conn_probability,
                weight__uS=SYNAPTIC_WEIGHT * pq.uS,
            )
            network.connect_from_external(source="cortical_input", target="DD", weight__uS=1.0 * pq.uS)
            dd_netcons = network.get_netcons("cortical_input", "DD")

            # Setup spike recording
            mn_spike_recorders = []
            for cell in motor_neuron_pool:
                spike_recorder = h.Vector()
                nc = h.NetCon(cell.soma(0.5)._ref_v, None, sec=cell.soma)
                nc.threshold = 50
                nc.record(spike_recorder)
                mn_spike_recorders.append(spike_recorder)

            # Generate constant drive signal with small noise
            time_points = int(SIMULATION_TIME_MS / TIMESTEP_MS)
            drive_signal = np.ones(time_points) * dd_drive__Hz + np.clip(
                get_random_generator().normal(0, 1.0, size=time_points), 0, None
            )

            # Run NEURON simulation
            h.load_file("stdrun.hoc")
            h.dt = TIMESTEP_MS
            h.tstop = SIMULATION_TIME_MS

            # Initialize voltages
            for section, voltage in zip(*motor_neuron_pool.get_initialization_data()):
                section.v = voltage
            for section, voltage in zip(*descending_drive_pool.get_initialization_data()):
                section.v = voltage

            h.finitialize()

            # Simulation loop with DD drive injection
            step_counter = 0
            while h.t < h.tstop:
                current_drive = drive_signal[min(step_counter, len(drive_signal) - 1)]
                for dd_cell in descending_drive_pool:
                    if dd_cell.integrate(current_drive):
                        if h.t < h.tstop:
                            dd_netcons[dd_cell.pool__ID].event(h.t + 1)
                h.fadvance()
                step_counter += 1

            # Convert spike data to Neo format
            mn_segment = Segment(name="Motor Neurons")
            dt_s = h.dt / 1000.0
            mn_segment.spiketrains = [
                SpikeTrain(
                    recorder.as_numpy() / 1000 * pq.s,
                    t_stop=SIMULATION_TIME_MS / 1000 * pq.s,
                    sampling_rate=(1 / dt_s * (pq.Hz)),
                    sampling_period=dt_s * pq.s,
                    name=f"MN_{i}",
                )
                for i, recorder in enumerate(mn_spike_recorders)
            ]

            # Calculate firing rate statistics
            stats = calculate_firing_rate_statistics(mn_segment.spiketrains)
            n_active: int = int(stats["n_active"])

            # Penalty for insufficient recruitment
            if n_active < 10:
                return 1000.0

            fr_mean: float = float(stats["FR_mean"])
            fr_std: float = float(stats["FR_std"])

            # Normalized errors
            mean_error = abs(fr_mean - TARGET_FR_MEAN__HZ) / TARGET_FR_MEAN__HZ
            std_error = abs(fr_std - TARGET_FR_STD__HZ) / TARGET_FR_STD__HZ

            # Biological plausibility penalties
            plausibility_penalty = 0.0
            if conn_probability > 0.7:  # Very high connectivity is less realistic
                plausibility_penalty += 0.1 * (conn_probability - 0.7)
            if dd_neurons > 800:  # Excessive neurons are less common
                plausibility_penalty += 0.1 * ((dd_neurons - 800) / 200)

            # Combined objective (minimize)
            objective_value = mean_error + std_error + plausibility_penalty

            # Store trial metadata
            trial.set_user_attr("n_active", n_active)
            trial.set_user_attr("FR_mean", fr_mean)
            trial.set_user_attr("FR_std", fr_std)
            trial.set_user_attr("mean_error", float(mean_error))
            trial.set_user_attr("std_error", float(std_error))
            trial.set_user_attr("plausibility_penalty", float(plausibility_penalty))
            trial.set_user_attr("objective_value", float(objective_value))
            trial.set_user_attr("dd_neurons", dd_neurons)
            trial.set_user_attr("conn_probability", float(conn_probability))
            trial.set_user_attr("synaptic_weight", float(SYNAPTIC_WEIGHT))
            trial.set_user_attr("dd_drive__Hz", float(dd_drive__Hz))
            trial.set_user_attr("gamma_shape", float(gamma_shape))
            trial.set_user_attr("gfluctdv_enabled", ENABLE_GFLUCTDV)
            trial.set_user_attr("gfluctdv_noise_amplitude", float(gfluctdv_noise_amplitude))

            # Progress reporting
            if trial.number % 1 == 0:
                print(
                    f"Trial {trial.number}: FR={fr_mean:.1f}±{fr_std:.1f}Hz, "
                    f"obj={objective_value:.3f} (mean_err={mean_error:.3f}, std_err={std_error:.3f})"
                )

            return objective_value

        except Exception as e:
            print(f"Trial {trial.number} failed with error: {e}")
            return 1000.0









.. GENERATED FROM PYTHON SOURCE LINES 324-329

Run Optimization Study
----------------------

Create an Optuna study and optimize parameters using Tree-structured Parzen Estimator (TPE).
TPE is a Bayesian optimization algorithm that builds probabilistic models of the objective function.

.. GENERATED FROM PYTHON SOURCE LINES 329-349

.. code-block:: Python


    print(
        f"\nOptimizing network parameters | "
        f"Target: {TARGET_FR_MEAN__HZ:.1f}±{TARGET_FR_STD__HZ:.1f}Hz | "
        f"Trials: {N_TRIALS}\n"
    )

    # Create or load existing study (allows resuming interrupted optimization)
    storage_name = f"sqlite:///{RESULTS_DIR}/optuna_dd_optimization.db"
    study = optuna.create_study(
        direction="minimize",  # Minimize objective value
        sampler=optuna.samplers.TPESampler(seed=42, multivariate=True),
        study_name="dd_optimization",
        storage=storage_name,
        load_if_exists=True,
    )

    # Run optimization
    study.optimize(objective, n_trials=N_TRIALS, timeout=TIMEOUT_SECONDS, show_progress_bar=True)





.. rst-class:: sphx-glr-script-out

 .. code-block:: none


    Optimizing network parameters | Target: 16.8±2.5Hz | Trials: 25

    [I 2026-06-01 07:26:02,484] Using an existing study with name 'dd_optimization' instead of creating a new one.
      0%|          | 0/25 [00:00<?, ?it/s]Trial 1: FR=240.7±201.1Hz, obj=92.777 (mean_err=13.313, std_err=79.439)
                                          [I 2026-06-01 07:26:30,496] Trial 1 finished with value: 92.77738072719333 and parameters: {'dd_neurons': 437, 'conn_prob': 0.9556428757689246, 'dd_drive': 733.3339721023481}. Best is trial 1 with value: 92.77738072719333.
      0%|          | 0/25 [00:28<?, ?it/s]    Best trial: 1. Best value: 92.7774:   0%|          | 0/25 [00:28<?, ?it/s]    Best trial: 1. Best value: 92.7774:   4%|▍         | 1/25 [00:28<11:12, 28.01s/it]    Best trial: 1. Best value: 92.7774:   4%|▍         | 1/25 [00:28<11:12, 28.01s/it, 28.01/36000 seconds]Trial 2: FR=37.8±6.2Hz, obj=2.707 (mean_err=1.245, std_err=1.462)
                                                                                                           [I 2026-06-01 07:26:45,347] Trial 2 finished with value: 2.7070643735241093 and parameters: {'dd_neurons': 639, 'conn_prob': 0.24041677639819287, 'dd_drive': 160.21454773452163}. Best is trial 2 with value: 2.7070643735241093.
    Best trial: 1. Best value: 92.7774:   4%|▍         | 1/25 [00:42<11:12, 28.01s/it, 28.01/36000 seconds]    Best trial: 2. Best value: 2.70706:   4%|▍         | 1/25 [00:42<11:12, 28.01s/it, 28.01/36000 seconds]    Best trial: 2. Best value: 2.70706:   8%|▊         | 2/25 [00:42<07:46, 20.27s/it, 28.01/36000 seconds]    Best trial: 2. Best value: 2.70706:   8%|▊         | 2/25 [00:42<07:46, 20.27s/it, 42.86/36000 seconds]Trial 3: FR=86.9±7.4Hz, obj=6.142 (mean_err=4.167, std_err=1.957)
                                                                                                           [I 2026-06-01 07:26:54,461] Trial 3 finished with value: 6.141855981188677 and parameters: {'dd_neurons': 152, 'conn_prob': 0.8795585311974417, 'dd_drive': 603.1094366844927}. Best is trial 2 with value: 2.7070643735241093.
    Best trial: 2. Best value: 2.70706:   8%|▊         | 2/25 [00:51<07:46, 20.27s/it, 42.86/36000 seconds]    Best trial: 2. Best value: 2.70706:   8%|▊         | 2/25 [00:51<07:46, 20.27s/it, 42.86/36000 seconds]    Best trial: 2. Best value: 2.70706:  12%|█▏        | 3/25 [00:51<05:33, 15.17s/it, 42.86/36000 seconds]    Best trial: 2. Best value: 2.70706:  12%|█▏        | 3/25 [00:51<05:33, 15.17s/it, 51.97/36000 seconds]Trial 4: FR=88.1±9.5Hz, obj=7.020 (mean_err=4.240, std_err=2.780)
                                                                                                           [I 2026-06-01 07:27:24,264] Trial 4 finished with value: 7.019776565689385 and parameters: {'dd_neurons': 737, 'conn_prob': 0.1185260448662222, 'dd_drive': 970.0603029011844}. Best is trial 2 with value: 2.7070643735241093.
    Best trial: 2. Best value: 2.70706:  12%|█▏        | 3/25 [01:21<05:33, 15.17s/it, 51.97/36000 seconds]    Best trial: 2. Best value: 2.70706:  12%|█▏        | 3/25 [01:21<05:33, 15.17s/it, 51.97/36000 seconds]    Best trial: 2. Best value: 2.70706:  16%|█▌        | 4/25 [01:21<07:19, 20.95s/it, 51.97/36000 seconds]    Best trial: 2. Best value: 2.70706:  16%|█▌        | 4/25 [01:21<07:19, 20.95s/it, 81.77/36000 seconds]Trial 5: FR=60.0±6.2Hz, obj=4.091 (mean_err=2.566, std_err=1.500)
                                                                                                           [I 2026-06-01 07:27:44,558] Trial 5 finished with value: 4.090678242811853 and parameters: {'dd_neurons': 850, 'conn_prob': 0.29110519961044856, 'dd_drive': 185.9158423710651}. Best is trial 2 with value: 2.7070643735241093.
    Best trial: 2. Best value: 2.70706:  16%|█▌        | 4/25 [01:42<07:19, 20.95s/it, 81.77/36000 seconds]    Best trial: 2. Best value: 2.70706:  16%|█▌        | 4/25 [01:42<07:19, 20.95s/it, 81.77/36000 seconds]    Best trial: 2. Best value: 2.70706:  20%|██        | 5/25 [01:42<06:54, 20.71s/it, 81.77/36000 seconds]    Best trial: 2. Best value: 2.70706:  20%|██        | 5/25 [01:42<06:54, 20.71s/it, 102.07/36000 seconds]Trial 6: FR=64.4±7.1Hz, obj=4.655 (mean_err=2.832, std_err=1.823)
                                                                                                            [I 2026-06-01 07:27:55,005] Trial 6 finished with value: 4.654843552990209 and parameters: {'dd_neurons': 265, 'conn_prob': 0.373818018663584, 'dd_drive': 527.1326494740766}. Best is trial 2 with value: 2.7070643735241093.
    Best trial: 2. Best value: 2.70706:  20%|██        | 5/25 [01:52<06:54, 20.71s/it, 102.07/36000 seconds]    Best trial: 2. Best value: 2.70706:  20%|██        | 5/25 [01:52<06:54, 20.71s/it, 102.07/36000 seconds]    Best trial: 2. Best value: 2.70706:  24%|██▍       | 6/25 [01:52<05:27, 17.22s/it, 102.07/36000 seconds]    Best trial: 2. Best value: 2.70706:  24%|██▍       | 6/25 [01:52<05:27, 17.22s/it, 112.51/36000 seconds]Trial 7: FR=104.6±9.4Hz, obj=7.973 (mean_err=5.218, std_err=2.755)
                                                                                                            [I 2026-06-01 07:28:14,258] Trial 7 finished with value: 7.972837358522916 and parameters: {'dd_neurons': 489, 'conn_prob': 0.36210622617823773, 'dd_drive': 613.7936302487676}. Best is trial 2 with value: 2.7070643735241093.
    Best trial: 2. Best value: 2.70706:  24%|██▍       | 6/25 [02:11<05:27, 17.22s/it, 112.51/36000 seconds]    Best trial: 2. Best value: 2.70706:  24%|██▍       | 6/25 [02:11<05:27, 17.22s/it, 112.51/36000 seconds]    Best trial: 2. Best value: 2.70706:  28%|██▊       | 7/25 [02:11<05:21, 17.89s/it, 112.51/36000 seconds]    Best trial: 2. Best value: 2.70706:  28%|██▊       | 7/25 [02:11<05:21, 17.89s/it, 131.77/36000 seconds]Trial 8: FR=43.7±5.6Hz, obj=2.842 (mean_err=1.599, std_err=1.243)
                                                                                                            [I 2026-06-01 07:28:22,268] Trial 8 finished with value: 2.842381963320157 and parameters: {'dd_neurons': 225, 'conn_prob': 0.3629301836816964, 'dd_drive': 369.53003407722326}. Best is trial 2 with value: 2.7070643735241093.
    Best trial: 2. Best value: 2.70706:  28%|██▊       | 7/25 [02:19<05:21, 17.89s/it, 131.77/36000 seconds]    Best trial: 2. Best value: 2.70706:  28%|██▊       | 7/25 [02:19<05:21, 17.89s/it, 131.77/36000 seconds]    Best trial: 2. Best value: 2.70706:  32%|███▏      | 8/25 [02:19<04:10, 14.74s/it, 131.77/36000 seconds]    Best trial: 2. Best value: 2.70706:  32%|███▏      | 8/25 [02:19<04:10, 14.74s/it, 139.78/36000 seconds]Trial 9: FR=90.2±7.5Hz, obj=6.370 (mean_err=4.366, std_err=1.994)
