    Best trial: 22. Best value: 0.599612:  92%|█████████▏| 23/25 [05:42<00:26, 13.17s/it, 337.58/36000 seconds]    Best trial: 22. Best value: 0.599612:  92%|█████████▏| 23/25 [05:42<00:26, 13.17s/it, 337.58/36000 seconds]    Best trial: 22. Best value: 0.599612:  96%|█████████▌| 24/25 [05:42<00:10, 10.58s/it, 337.58/36000 seconds]    Best trial: 22. Best value: 0.599612:  96%|█████████▌| 24/25 [05:42<00:10, 10.58s/it, 342.12/36000 seconds]                                                                                                               [I 2026-06-01 07:31:48,253] Trial 25 finished with value: 1000.0 and parameters: {'dd_neurons': 113, 'conn_prob': 0.33655994061642874, 'dd_drive': 59.2298820046616}. Best is trial 22 with value: 0.5996116548047449.
    Best trial: 22. Best value: 0.599612:  96%|█████████▌| 24/25 [05:45<00:10, 10.58s/it, 342.12/36000 seconds]    Best trial: 22. Best value: 0.599612:  96%|█████████▌| 24/25 [05:45<00:10, 10.58s/it, 342.12/36000 seconds]    Best trial: 22. Best value: 0.599612: 100%|██████████| 25/25 [05:45<00:00,  8.50s/it, 342.12/36000 seconds]    Best trial: 22. Best value: 0.599612: 100%|██████████| 25/25 [05:45<00:00,  8.50s/it, 345.76/36000 seconds]    Best trial: 22. Best value: 0.599612: 100%|██████████| 25/25 [05:45<00:00, 13.83s/it, 345.76/36000 seconds]




.. GENERATED FROM PYTHON SOURCE LINES 350-354

Analyze Results
---------------

Extract the best trial and display optimized parameters.

.. GENERATED FROM PYTHON SOURCE LINES 354-366

.. code-block:: Python


    best_trial = study.best_trial
    print(f"\nCompleted {len(study.trials)} trials")
    print(
        f"\nBest Trial {best_trial.number}: "
        f"FR={best_trial.user_attrs.get('FR_mean'):.1f}±{best_trial.user_attrs.get('FR_std'):.1f}Hz | "
        f"Objective={best_trial.value:.3f} | "
        f"Drive={best_trial.user_attrs.get('dd_drive__Hz'):.1f}Hz | "
        f"Neurons={best_trial.user_attrs.get('dd_neurons')} | "
        f"Conn={best_trial.user_attrs.get('conn_probability'):.2f}"
    )





.. rst-class:: sphx-glr-script-out

 .. code-block:: none


    Completed 26 trials

    Best Trial 22: FR=10.5±3.1Hz | Objective=0.600 | Drive=69.6Hz | Neurons=184 | Conn=0.49




.. GENERATED FROM PYTHON SOURCE LINES 367-371

Save Optimized Parameters
--------------------------

Store the best parameters in JSON format for use in production simulations.

.. GENERATED FROM PYTHON SOURCE LINES 371-414

.. code-block:: Python



    def trial_to_dict(t):
        """Convert trial to dictionary of parameters."""
        base_params = {
            k: t.user_attrs.get(k)
            for k in [
                "FR_mean",
                "FR_std",
                "dd_neurons",
                "conn_probability",
                "dd_drive__Hz",
                "gamma_shape",
                "mean_error",
                "std_error",
                "plausibility_penalty",
                "objective_value",
            ]
        }
        if ENABLE_GFLUCTDV:
            base_params["gfluctdv_noise_amplitude"] = t.user_attrs.get("gfluctdv_noise_amplitude")
        return base_params


    results = {
        "target": {
            "FR_mean__Hz": TARGET_FR_MEAN__HZ,
            "FR_std__Hz": TARGET_FR_STD__HZ,
        },
        "input_parameters": {
            "gamma_shape": GAMMA_SHAPE,
            "gfluctdv_enabled": ENABLE_GFLUCTDV,
        },
        "best_trial": trial_to_dict(best_trial),
    }

    json_path = RESULTS_DIR / "dd_optimized_params.json"
    with open(json_path, "w") as f:
        json.dump(results, f, indent=2)

    joblib.dump(study, RESULTS_DIR / "study.pkl")
    print(f"Saved optimized parameters: {json_path}\n")





.. rst-class:: sphx-glr-script-out

 .. code-block:: none

    Saved optimized parameters: /home/runner/work/MyoGen/MyoGen/results/dd_optimization/dd_optimized_params.json





.. GENERATED FROM PYTHON SOURCE LINES 415-419

Visualize Optimization History
-------------------------------

Plot the optimization trajectory showing how the objective value improved over trials.

.. GENERATED FROM PYTHON SOURCE LINES 419-499

.. code-block:: Python


    # Get colors from the style
    colors = plt.rcParams["axes.prop_cycle"].by_key()["color"]

    fig = plt.figure(figsize=(14, 10))
    gs = fig.add_gridspec(2, 2, hspace=0.3, wspace=0.3)

    # Left column: Optimization progress and FR convergence (shared x-axis)
    ax_obj = fig.add_subplot(gs[0, 0])
    ax_fr = fig.add_subplot(gs[1, 0], sharex=ax_obj)

    # Right column: Parameter exploration and drive distribution
    ax_param = fig.add_subplot(gs[0, 1])
    ax_drive = fig.add_subplot(gs[1, 1])

    # 1. Objective value over trials (log scale)
    trial_numbers = [t.number for t in study.trials]
    objective_values = [t.value for t in study.trials]
    ax_obj.plot(trial_numbers, objective_values, "o-", alpha=0.6, markersize=4, color=colors[0])
    ax_obj.axhline(best_trial.value, linestyle="--", color=colors[1], label=f"Best: {best_trial.value:.3f}")
    ax_obj.set_ylabel("Objective Value (log scale)")
    ax_obj.set_title("Optimization Progress")
    ax_obj.set_yscale("log")
    ax_obj.legend(framealpha=1.0, edgecolor="none")
    ax_obj.tick_params(labelbottom=False)

    # 2. Firing rate convergence
    fr_means = [t.user_attrs.get("FR_mean", None) for t in study.trials]
    fr_stds = [t.user_attrs.get("FR_std", None) for t in study.trials]
    ax_fr.plot(trial_numbers, fr_means, "o-", alpha=0.6, markersize=4, color=colors[0], label="Mean FR")
    ax_fr.axhline(TARGET_FR_MEAN__HZ, linestyle="--", color=colors[1], label=f"Target: {TARGET_FR_MEAN__HZ:.1f}Hz")
    ax_fr.fill_between(
        trial_numbers,
        TARGET_FR_MEAN__HZ - TARGET_FR_STD__HZ,
        TARGET_FR_MEAN__HZ + TARGET_FR_STD__HZ,
        alpha=0.2,
        color=colors[1],
        label="Target Range",
    )
    ax_fr.set_xlabel("Trial")
    ax_fr.set_ylabel("Firing Rate (Hz)")
    ax_fr.set_title("Firing Rate Convergence")
    ax_fr.legend(framealpha=1.0, edgecolor="none")

    # 3. Parameter exploration: DD neurons vs Connection probability
    dd_neurons_vals = [t.params.get("dd_neurons", None) for t in study.trials]
    conn_prob_vals = [t.params.get("conn_prob", None) for t in study.trials]
    scatter = ax_param.scatter(dd_neurons_vals, conn_prob_vals, c=objective_values, s=50, alpha=0.6)
    ax_param.scatter(
        best_trial.params["dd_neurons"],
        best_trial.params["conn_prob"],
        s=200,
        marker="*",
        color=colors[3],
        label="Best Trial",
    )
    ax_param.set_xlabel("DD Neurons")
    ax_param.set_ylabel("Connection Probability")
    ax_param.set_title("Parameter Space Exploration")
    ax_param.legend(framealpha=1.0, edgecolor="none")
    plt.colorbar(scatter, ax=ax_param, label="Objective Value")

    # 4. Drive frequency distribution
    dd_drive_vals = [t.params.get("dd_drive", None) for t in study.trials]
    ax_drive.hist(dd_drive_vals, bins=30, alpha=0.7, color=colors[2])
    ax_drive.axvline(
        best_trial.params["dd_drive"],
        linestyle="--",
        color=colors[1],
        label=f'Best: {best_trial.params["dd_drive"]:.1f}Hz',
    )
    ax_drive.set_xlabel("DD Drive Frequency (Hz)")
    ax_drive.set_ylabel("Number of Trials")
    ax_drive.set_title("Drive Frequency Distribution")
    ax_drive.legend(framealpha=1.0, edgecolor="none")

    plt.tight_layout()
    plt.savefig(RESULTS_DIR / "optimization_history.png", dpi=150, bbox_inches="tight")
    plt.show()




.. image-sg:: /auto_examples/02_finetune/images/sphx_glr_01_optimize_dd_for_target_firing_rate_001.png
   :alt: Optimization Progress, Firing Rate Convergence, Parameter Space Exploration, Drive Frequency Distribution
   :srcset: /auto_examples/02_finetune/images/sphx_glr_01_optimize_dd_for_target_firing_rate_001.png
   :class: sphx-glr-single-img





.. GENERATED FROM PYTHON SOURCE LINES 500-504

Compare Target vs Achieved
---------------------------

Validate that the optimization successfully matched the target firing rate statistics.

.. GENERATED FROM PYTHON SOURCE LINES 504-546

.. code-block:: Python


    fig, ax = plt.subplots(1, 1, figsize=(10, 6))

    # Dumbbell plot comparing target vs achieved (two scalar endpoints per
    # category — not a distribution, so Editor 8's "show all data points"
    # rule is honoured by marking each value as an explicit point).
    categories = ["Mean FR (Hz)", "Std FR (Hz)"]
    targets = [TARGET_FR_MEAN__HZ, TARGET_FR_STD__HZ]
    achieved = [
        best_trial.user_attrs.get("FR_mean"),
        best_trial.user_attrs.get("FR_std"),
    ]

    x = np.arange(len(categories))

    for xi, t, a in zip(x, targets, achieved):
        ax.plot([xi, xi], [t, a], color="gray", linestyle="--", alpha=0.6, zorder=1)

    ax.scatter(x, targets, s=120, marker="o", label="Target", zorder=3)
    ax.scatter(x, achieved, s=120, marker="D", label="Achieved", zorder=3)

    for xi, t, a in zip(x, targets, achieved):
        ax.text(xi + 0.05, t, f"{t:.2f}", va="center", ha="left")
        ax.text(xi + 0.05, a, f"{a:.2f}", va="center", ha="left")

    # Calculate percent errors
    mean_error = abs(achieved[0] - targets[0]) / targets[0] * 100
    std_error = abs(achieved[1] - targets[1]) / targets[1] * 100

    ax.set_ylabel("Value")
    ax.set_title(
        f"Firing Rate Optimization: Target vs Achieved\n"
        f"(Mean error: {mean_error:.1f}%, Std error: {std_error:.1f}%)"
    )
    ax.set_xticks(x)
    ax.set_xticklabels(categories)
    ax.legend(framealpha=1.0, edgecolor="none")

    plt.tight_layout()
    plt.savefig(RESULTS_DIR / "target_comparison.png", dpi=150, bbox_inches="tight")
    plt.show()




.. image-sg:: /auto_examples/02_finetune/images/sphx_glr_01_optimize_dd_for_target_firing_rate_002.png
   :alt: Firing Rate Optimization: Target vs Achieved (Mean error: 37.5%, Std error: 22.5%)
   :srcset: /auto_examples/02_finetune/images/sphx_glr_01_optimize_dd_for_target_firing_rate_002.png
   :class: sphx-glr-single-img





.. GENERATED FROM PYTHON SOURCE LINES 547-570

Using Optimized Parameters
---------------------------

.. important::
   The optimized parameters can be loaded and used in production simulations:

   .. code-block:: python

      import json
      from pathlib import Path

      # Load optimized parameters
      with open("results/dd_optimization/dd_optimized_params.json") as f:
          params = json.load(f)

      # Extract best values
      dd_neurons = int(params["best_trial"]["dd_neurons"])
      conn_prob = params["best_trial"]["conn_probability"]
      dd_drive_Hz = params["best_trial"]["dd_drive__Hz"]

      # Use in your simulation
      descending_drive_pool = DescendingDrive__Pool(n=dd_neurons, ...)
      network.connect("DD", "aMN", probability=conn_prob, ...)

.. GENERATED FROM PYTHON SOURCE LINES 570-574

.. code-block:: Python


    print("\n[DONE] Optimization complete!")
    print(f"Best parameters saved to: {json_path}")
    print(f"Full study saved to: {RESULTS_DIR / 'study.pkl'}")




.. rst-class:: sphx-glr-script-out

 .. code-block:: none


    [DONE] Optimization complete!
    Best parameters saved to: /home/runner/work/MyoGen/MyoGen/results/dd_optimization/dd_optimized_params.json
    Full study saved to: /home/runner/work/MyoGen/MyoGen/results/dd_optimization/study.pkl





.. rst-class:: sphx-glr-timing

   **Total running time of the script:** (5 minutes 47.430 seconds)


.. _sphx_glr_download_auto_examples_02_finetune_01_optimize_dd_for_target_firing_rate.py:

.. only:: html

  .. container:: sphx-glr-footer sphx-glr-footer-example

    .. container:: sphx-glr-download sphx-glr-download-jupyter

      :download:`Download Jupyter notebook: 01_optimize_dd_for_target_firing_rate.ipynb <01_optimize_dd_for_target_firing_rate.ipynb>`

    .. container:: sphx-glr-download sphx-glr-download-python

      :download:`Download Python source code: 01_optimize_dd_for_target_firing_rate.py <01_optimize_dd_for_target_firing_rate.py>`

    .. container:: sphx-glr-download sphx-glr-download-zip

      :download:`Download zipped: 01_optimize_dd_for_target_firing_rate.zip <01_optimize_dd_for_target_firing_rate.zip>`


.. only:: html

 .. rst-class:: sphx-glr-signature

    `Gallery generated by Sphinx-Gallery <https://sphinx-gallery.github.io>`_
