                                                                                                              [I 2025-12-16 09:07:55,707] Trial 24 finished with value: 1.3860793958900246 and parameters: {'dd_drive': 73.35818174431321}. Best is trial 11 with value: 0.09439165683825737.
    Best trial: 11. Best value: 0.0943917:  96%|█████████▌| 24/25 [01:30<00:03,  3.68s/it, 86.28/3600 seconds]    Best trial: 11. Best value: 0.0943917:  96%|█████████▌| 24/25 [01:30<00:03,  3.68s/it, 86.28/3600 seconds]    Best trial: 11. Best value: 0.0943917: 100%|██████████| 25/25 [01:30<00:00,  3.81s/it, 86.28/3600 seconds]    Best trial: 11. Best value: 0.0943917: 100%|██████████| 25/25 [01:30<00:00,  3.81s/it, 90.38/3600 seconds]    Best trial: 11. Best value: 0.0943917: 100%|██████████| 25/25 [01:30<00:00,  3.62s/it, 90.38/3600 seconds]




.. GENERATED FROM PYTHON SOURCE LINES 381-383

Analyze Results
---------------

.. GENERATED FROM PYTHON SOURCE LINES 383-401

.. code-block:: Python


    best_trial = study.best_trial

    print("\nOptimization Complete")
    print("=" * 50)
    print(f"Best trial: {best_trial.number}")
    print(f"Force error: {best_trial.value:.1%}")
    print("\nForce Results:")
    print(f"  Target:   {TARGET_FORCE__AU:.4f} a.u. ({TARGET_FORCE_PCT}% of baseline)")
    print(f"  Achieved: {best_trial.user_attrs['force_achieved']:.4f} a.u.")
    print(f"  Error:    {best_trial.user_attrs['force_error']:.1%}")
    print("\nOptimized Parameters:")
    print(f"  DD drive: {best_trial.user_attrs['dd_drive__Hz']:.2f} Hz")
    print(f"  Active MUs: {best_trial.user_attrs['n_active']}/{N_MOTOR_UNITS}")
    print(
        f"  Firing rate: {best_trial.user_attrs['FR_mean']:.1f}±{best_trial.user_attrs['FR_std']:.1f} Hz"
    )





.. rst-class:: sphx-glr-script-out

 .. code-block:: none


    Optimization Complete
    ==================================================
    Best trial: 11
    Force error: 9.4%

    Force Results:
      Target:   10.0520 a.u. (30.0% of baseline)
      Achieved: 11.0008 a.u.
      Error:    9.4%

    Optimized Parameters:
      DD drive: 58.48 Hz
      Active MUs: 60/100
      Firing rate: 9.9±2.8 Hz




.. GENERATED FROM PYTHON SOURCE LINES 402-404

Save Results
------------

.. GENERATED FROM PYTHON SOURCE LINES 404-435

.. code-block:: Python


    dd_parameters = {
        "dd_neurons": DD_NEURONS,
        "conn_probability": CONN_PROBABILITY,
        "synaptic_weight": SYNAPTIC_WEIGHT,
        "dd_drive__Hz": best_trial.user_attrs["dd_drive__Hz"],
        "mvc_percent": MVC_PERCENT,
        "gamma_shape": get_gamma_shape_for_mvc(MVC_PERCENT, MVC_SHAPE_VALUE),
    }

    if GFLUCTDV_ENABLED:
        dd_parameters["gfluctdv_noise_amplitude"] = GFLUCTDV_NOISE_AMPLITUDE

    results = {
        "target_force_pct": TARGET_FORCE_PCT,
        "baseline_force__au": BASELINE_FORCE__AU,
        "target_force__au": TARGET_FORCE__AU,
        "achieved_force__au": best_trial.user_attrs["force_achieved"],
        "force_error": best_trial.user_attrs["force_error"],
        "gfluctdv_enabled": GFLUCTDV_ENABLED,
        "dd_parameters": dd_parameters,
    }

    json_path = RESULTS_DIR / f"dd_optimized_params_force_{int(TARGET_FORCE_PCT)}pct.json"
    with open(json_path, "w") as f:
        json.dump(results, f, indent=2)

    joblib.dump(study, RESULTS_DIR / f"study_force_{int(TARGET_FORCE_PCT)}pct.pkl")

    print(f"\nSaved results: {json_path}")





.. rst-class:: sphx-glr-script-out

 .. code-block:: none


    Saved results: /home/runner/work/MyoGen/MyoGen/results/force_optimization/dd_optimized_params_force_30pct.json




.. GENERATED FROM PYTHON SOURCE LINES 436-438

Visualize Optimization History
-------------------------------

.. GENERATED FROM PYTHON SOURCE LINES 438-516

.. code-block:: Python


    fig = plt.figure(figsize=(14, 10))
    gs = fig.add_gridspec(2, 2, hspace=0.3, wspace=0.3)

    # Extract trial data
    trial_numbers = [t.number for t in study.trials]
    force_achieved = [t.user_attrs.get("force_achieved", None) for t in study.trials]
    force_errors = [t.value for t in study.trials]
    dd_drive_vals = [t.params.get("dd_drive", None) for t in study.trials]

    # Left column: shared x-axis for optimization progress and force convergence
    ax_error = fig.add_subplot(gs[0, 0])
    ax_force = fig.add_subplot(gs[1, 0], sharex=ax_error)

    # 1. Optimization progress (force error) - top left
    ax_error.plot(trial_numbers, force_errors, "o-", alpha=0.6, markersize=4, color=colors[0])
    ax_error.axhline(
        best_trial.value, linestyle="--", color=colors[1], label=f"Best: {best_trial.value:.2%}"
    )
    ax_error.set_ylabel("Relative Error")
    ax_error.set_title("Optimization Progress")
    ax_error.set_yscale("log")
    ax_error.grid(True, alpha=0.3)
    ax_error.legend(framealpha=1.0, edgecolor="none")
    ax_error.tick_params(labelbottom=False)

    # 2. Force convergence - bottom left
    ax_force.plot(trial_numbers, force_achieved, "o-", alpha=0.6, markersize=4, color=colors[0])
    ax_force.axhline(
        TARGET_FORCE__AU, linestyle="--", color=colors[1], label=f"Target: {TARGET_FORCE__AU:.4f}"
    )
    ax_force.set_xlabel("Trial")
    ax_force.set_ylabel("Force (a.u.)")
    ax_force.set_title("Force Convergence")
    ax_force.legend(framealpha=1.0, edgecolor="none")

    # Right column plots
    ax_hist = fig.add_subplot(gs[0, 1])
    ax_scatter = fig.add_subplot(gs[1, 1])

    # 3. DD drive distribution - top right
    ax_hist.hist(dd_drive_vals, bins=20, alpha=0.7, color=colors[2])
    ax_hist.axvline(
        best_trial.params["dd_drive"],
        linestyle="--",
        color=colors[1],
        label=f"Best: {best_trial.params['dd_drive']:.1f}Hz",
    )
    ax_hist.set_xlabel("DD Drive (Hz)")
    ax_hist.set_ylabel("Number of Trials")
    ax_hist.set_title("Drive Frequency Distribution")
    ax_hist.legend(framealpha=1.0, edgecolor="none")

    # 4. Force vs Drive relationship - bottom right
    ax_scatter.scatter(dd_drive_vals, force_achieved, c=force_errors, s=50, alpha=0.6)
    ax_scatter.scatter(
        best_trial.params["dd_drive"],
        best_trial.user_attrs["force_achieved"],
        s=200,
        marker="*",
        color=colors[3],
        label="Best Trial",
    )
    ax_scatter.axhline(
        TARGET_FORCE__AU, linestyle="--", color=colors[1], alpha=0.5, label="Target Force"
    )
    ax_scatter.set_xlabel("DD Drive (Hz)")
    ax_scatter.set_ylabel("Force (a.u.)")
    ax_scatter.set_title("Force-Drive Relationship")
    ax_scatter.legend(framealpha=1.0, edgecolor="none")

    plt.tight_layout()
    plt.savefig(
        RESULTS_DIR / f"optimization_history_{int(TARGET_FORCE_PCT)}pct.png",
        dpi=150,
        bbox_inches="tight",
    )
    plt.show()



.. image-sg:: /auto_examples/02_finetune/images/sphx_glr_03_optimize_dd_for_target_force_001.png
   :alt: Optimization Progress, Force Convergence, Drive Frequency Distribution, Force-Drive Relationship
   :srcset: /auto_examples/02_finetune/images/sphx_glr_03_optimize_dd_for_target_force_001.png
   :class: sphx-glr-single-img






.. rst-class:: sphx-glr-timing

   **Total running time of the script:** (1 minutes 31.386 seconds)


.. _sphx_glr_download_auto_examples_02_finetune_03_optimize_dd_for_target_force.py:

.. only:: html

  .. container:: sphx-glr-footer sphx-glr-footer-example

    .. container:: sphx-glr-download sphx-glr-download-jupyter

      :download:`Download Jupyter notebook: 03_optimize_dd_for_target_force.ipynb <03_optimize_dd_for_target_force.ipynb>`

    .. container:: sphx-glr-download sphx-glr-download-python

      :download:`Download Python source code: 03_optimize_dd_for_target_force.py <03_optimize_dd_for_target_force.py>`

    .. container:: sphx-glr-download sphx-glr-download-zip

      :download:`Download zipped: 03_optimize_dd_for_target_force.zip <03_optimize_dd_for_target_force.zip>`


.. only:: html

 .. rst-class:: sphx-glr-signature

    `Gallery generated by Sphinx-Gallery <https://sphinx-gallery.github.io>`_
