
.. DO NOT EDIT.
.. THIS FILE WAS AUTOMATICALLY GENERATED BY SPHINX-GALLERY.
.. TO MAKE CHANGES, EDIT THE SOURCE PYTHON FILE:
.. "auto_examples/02_finetune/03_optimize_dd_for_target_force.py"
.. LINE NUMBERS ARE GIVEN BELOW.

.. only:: html

    .. note::
        :class: sphx-glr-download-link-note

        :ref:`Go to the end <sphx_glr_download_auto_examples_02_finetune_03_optimize_dd_for_target_force.py>`
        to download the full example code.

.. rst-class:: sphx-glr-example-title

.. _sphx_glr_auto_examples_02_finetune_03_optimize_dd_for_target_force.py:


Optimizing Descending Drive for Target Force Levels
====================================================

This example demonstrates **force-level optimization** by tuning descending drive parameters
to achieve specific muscle force outputs. Unlike firing rate optimization (example 00), this
approach targets biomechanically relevant force production.

.. note::
    **Force-based optimization workflow**:

    1. Load baseline force from previous optimization (example 01)
    2. Specify target force as percentage of baseline (e.g., 30% MVC)
    3. Optimize DD drive frequency to match target force
    4. Keep network structure fixed (neurons, connectivity from baseline)

.. important::
    **Prerequisites**: This example requires results from previous examples:

    - Run ``00_optimize_dd_for_target_firing_rate.py`` first
    - Run ``01_compute_force_from_optimized_dd.py`` second
    - Generates baseline force measurements needed here

**Optimization Strategy**: We optimize only the DD drive frequency while keeping the network
architecture fixed. This simulates modulating cortical drive to achieve different force levels
while maintaining the same motor unit pool and connectivity.

.. GENERATED FROM PYTHON SOURCE LINES 32-34

Import Libraries
----------------

.. GENERATED FROM PYTHON SOURCE LINES 34-64

.. code-block:: Python


    import json
    import os

    os.environ["MPLBACKEND"] = "Agg"
    if "DISPLAY" in os.environ:
        del os.environ["DISPLAY"]

    import warnings
    from pathlib import Path

    import joblib
    import matplotlib.pyplot as plt
    import numpy as np
    import optuna
    import quantities as pq
    from neo import Block, Segment, SpikeTrain
    from neuron import h

    from myogen import RANDOM_GENERATOR, set_random_seed
    from myogen.simulator import RecruitmentThresholds
    from myogen.simulator.core.force.force_model import ForceModel
    from myogen.simulator.neuron import Network
    from myogen.simulator.neuron.populations import AlphaMN__Pool, DescendingDrive__Pool
    from myogen.utils.helper import calculate_firing_rate_statistics, get_gamma_shape_for_mvc
    from myogen.utils.nmodl import load_nmodl_mechanisms

    warnings.filterwarnings("ignore")
    plt.style.use("fivethirtyeight")








.. GENERATED FROM PYTHON SOURCE LINES 65-69

Configuration
-------------

Set simulation and optimization parameters.

.. GENERATED FROM PYTHON SOURCE LINES 69-98

.. code-block:: Python


    # Simulation parameters
    SIMULATION_TIME_MS = 5000.0  # Shorter simulation for efficient optimization
    TIMESTEP_MS = 0.1
    N_MOTOR_UNITS = 100

    # Force model parameters
    RECORDING_FREQUENCY__HZ = 2048
    LONGEST_DURATION_RISE_TIME__MS = 90.0
    CONTRACTION_TIME_RANGE = 3

    # Optimization settings
    N_TRIALS = 25  # Reduced for example (increase for production)
    TIMEOUT_SECONDS = 3600

    # Target force level
    TARGET_FORCE_PCT = 30.0  # 30% of baseline force (adjustable)
    MVC_PERCENT = 30.0  # MVC percentage for gamma shape calculation

    # Directories - use project root to share across examples
    # Handle both manual execution and Sphinx Gallery (where __file__ is not defined)
    try:
        _script_dir = Path(__file__).parent
    except NameError:
        _script_dir = Path.cwd()
    BASELINE_DIR = _script_dir.parent.parent / "results" / "force_validation"
    RESULTS_DIR = _script_dir.parent.parent / "results" / "force_optimization"
    RESULTS_DIR.mkdir(exist_ok=True, parents=True)








.. GENERATED FROM PYTHON SOURCE LINES 99-103

Load Baseline Force Data
-------------------------

Load the baseline force measurements from example 01.

.. GENERATED FROM PYTHON SOURCE LINES 103-137

.. code-block:: Python


    print("\nLoading Baseline Force Data")
    print("=" * 50)

    baseline_file = BASELINE_DIR / "force_results.json"

    if not baseline_file.exists():
        raise FileNotFoundError(
            f"Baseline force results not found: {baseline_file}\n"
            f"Run 01_compute_force_from_optimized_dd.py first!"
        )

    with open(baseline_file, "r") as f:
        baseline_results = json.load(f)

    # Extract baseline parameters
    BASELINE_FORCE__AU = baseline_results["force"]["mean__au"]
    DD_NEURONS = baseline_results["dd_parameters"]["dd_neurons"]
    CONN_PROBABILITY = baseline_results["dd_parameters"]["conn_probability"]
    SYNAPTIC_WEIGHT = baseline_results["dd_parameters"].get("synaptic_weight", 0.05)
    MVC_SHAPE_VALUE = baseline_results["dd_parameters"]["gamma_shape"]

    # Gfluctdv settings from baseline
    GFLUCTDV_ENABLED = baseline_results.get("gfluctdv_enabled", False)
    GFLUCTDV_NOISE_AMPLITUDE = baseline_results["dd_parameters"].get("gfluctdv_noise_amplitude", None)

    print(f"Baseline force: {BASELINE_FORCE__AU:.4f} a.u.")
    print(f"DD neurons: {DD_NEURONS}")
    print(f"Connection probability: {CONN_PROBABILITY:.3f}")
    print(f"Synaptic weight: {SYNAPTIC_WEIGHT:.4f} µS")
    if GFLUCTDV_ENABLED:
        print(f"Gfluctdv: ENABLED ({GFLUCTDV_NOISE_AMPLITUDE:.2e} S/cm²)")
    print("=" * 50 + "\n")





.. rst-class:: sphx-glr-script-out

 .. code-block:: none


    Loading Baseline Force Data
    ==================================================
    Baseline force: 33.5066 a.u.
    DD neurons: 101
    Connection probability: 0.930
    Synaptic weight: 0.0500 µS
    ==================================================





.. GENERATED FROM PYTHON SOURCE LINES 138-140

Initialize NEURON
-----------------

.. GENERATED FROM PYTHON SOURCE LINES 140-145

.. code-block:: Python


    set_random_seed(42)
    load_nmodl_mechanisms()
    h.secondorder = 2





.. rst-class:: sphx-glr-script-out

 .. code-block:: none

    Random seed set to 42.




.. GENERATED FROM PYTHON SOURCE LINES 146-150

Define Simulation Function
---------------------------

Helper function to run a single simulation and compute force.

.. GENERATED FROM PYTHON SOURCE LINES 150-282

.. code-block:: Python



    def run_simulation_and_compute_force(dd_drive__Hz, gamma_shape, recruitment_thresholds):
        """
        Run network simulation and compute resulting force.

        Parameters
        ----------
        dd_drive__Hz : float
            DD drive frequency
        gamma_shape : float
            Gamma distribution shape parameter
        recruitment_thresholds : np.ndarray
            Motor unit recruitment thresholds

        Returns
        -------
        tuple
            (force_mean, n_active, fr_mean, fr_std)
        """
        # Create motor neuron pool
        motor_neuron_pool = AlphaMN__Pool(
            recruitment_thresholds__array=recruitment_thresholds,
            config_file="alpha_mn_default.yaml",
        )

        # Apply Gfluctdv if enabled
        if GFLUCTDV_ENABLED and GFLUCTDV_NOISE_AMPLITUDE is not None:
            for cell in motor_neuron_pool:
                cell.insert_Gfluctdv()
                for d in cell.dend:
                    d.std_e_Gfluctdv = GFLUCTDV_NOISE_AMPLITUDE
                    d.std_i_Gfluctdv = GFLUCTDV_NOISE_AMPLITUDE

        # Create descending drive pool
        descending_drive_pool = DescendingDrive__Pool(
            n=DD_NEURONS,
            timestep__ms=TIMESTEP_MS * pq.ms,
            process_type="gamma",
            shape=gamma_shape,
        )

        # Build network
        network = Network({"DD": descending_drive_pool, "aMN": motor_neuron_pool})
        network.connect(
            source="DD",
            target="aMN",
            probability=CONN_PROBABILITY,
            weight__uS=SYNAPTIC_WEIGHT * pq.uS,
        )
        network.connect_from_external(source="cortical_input", target="DD", weight__uS=1.0 * pq.uS)
        dd_netcons = network.get_netcons("cortical_input", "DD")

        # Setup spike recording
        mn_spike_recorders = []
        for cell in motor_neuron_pool:
            spike_recorder = h.Vector()
            nc = h.NetCon(cell.soma(0.5)._ref_v, None, sec=cell.soma)
            nc.threshold = 50
            nc.record(spike_recorder)
            mn_spike_recorders.append(spike_recorder)

        # Create constant drive signal
        time_points = int(SIMULATION_TIME_MS / TIMESTEP_MS)
        drive_signal = np.ones(time_points) * dd_drive__Hz + np.clip(
            RANDOM_GENERATOR.normal(0, 1.0, size=time_points), 0, None
        )

        # Initialize simulation
        h.load_file("stdrun.hoc")
        h.dt = TIMESTEP_MS
        h.tstop = SIMULATION_TIME_MS

        for section, voltage in zip(*motor_neuron_pool.get_initialization_data()):
            section.v = voltage
        for section, voltage in zip(*descending_drive_pool.get_initialization_data()):
            section.v = voltage

        h.finitialize()

        # Run simulation
        step_counter = 0
        while h.t < h.tstop:
            current_drive = drive_signal[min(step_counter, len(drive_signal) - 1)]
            for dd_cell in descending_drive_pool:
                if dd_cell.integrate(current_drive):
                    if h.t < h.tstop:
                        dd_netcons[dd_cell.pool__ID].event(h.t + 1)
            h.fadvance()
            step_counter += 1

        # Convert to Neo format
        dt_s = h.dt / 1000.0
        mn_segment = Segment(name="Motor Neurons")
        mn_segment.spiketrains = [
            SpikeTrain(
                recorder.as_numpy() / 1000 * pq.s,
                t_stop=SIMULATION_TIME_MS / 1000 * pq.s,
                sampling_rate=(1 / dt_s * pq.Hz),
                sampling_period=dt_s * pq.s,
                name=f"MN_{i}",
            )
            for i, recorder in enumerate(mn_spike_recorders)
        ]

        spike_train__Block = Block(name="Motor Unit Pool")
        spike_train__Block.segments = [mn_segment]

        # Calculate statistics
        n_active = sum(1 for st in mn_segment.spiketrains if len(st) > 1)
        stats = calculate_firing_rate_statistics(mn_segment.spiketrains)
        fr_mean = float(stats["FR_mean"])
        fr_std = float(stats["FR_std"])

        # Generate force
        force_model = ForceModel(
            recruitment_thresholds=recruitment_thresholds,
            recording_frequency__Hz=RECORDING_FREQUENCY__HZ * pq.Hz,
            longest_duration_rise_time__ms=LONGEST_DURATION_RISE_TIME__MS * pq.ms,
            contraction_time_range_factor=CONTRACTION_TIME_RANGE,
        )

        force_output = force_model.generate_force(spike_train__Block=spike_train__Block)
        force_signal = force_output.magnitude[:, 0]

        # Calculate steady-state force
        steady_idx = len(force_signal) // 2
        force_mean = np.mean(force_signal[steady_idx:])

        return force_mean, n_active, fr_mean, fr_std









.. GENERATED FROM PYTHON SOURCE LINES 283-287

Define Objective Function
--------------------------

Optuna objective function that minimizes force error.

.. GENERATED FROM PYTHON SOURCE LINES 287-355

.. code-block:: Python


    # Calculate target force
    TARGET_FORCE__AU = BASELINE_FORCE__AU * (TARGET_FORCE_PCT / 100.0)

    # Generate recruitment thresholds
    recruitment_thresholds, _ = RecruitmentThresholds(
        N=N_MOTOR_UNITS,
        recruitment_range__ratio=100,
        deluca__slope=5,
        konstantin__max_threshold__ratio=1.0,
        mode="combined",
    )


    def objective(trial):
        """
        Optimize DD drive frequency to match target force.

        Parameters
        ----------
        trial : optuna.Trial
            Optimization trial

        Returns
        -------
        float
            Relative force error (minimize)
        """
        try:
            # Optimize only DD drive frequency
            dd_drive__Hz = trial.suggest_float("dd_drive", 1.0, 100.0)
            gamma_shape = get_gamma_shape_for_mvc(MVC_PERCENT, MVC_SHAPE_VALUE)

            # Run simulation
            force_mean, n_active, fr_mean, fr_std = run_simulation_and_compute_force(
                dd_drive__Hz, gamma_shape, recruitment_thresholds
            )

            # Check minimum recruitment
            if n_active < 5:
                return 1000.0 + (5 - n_active) * 100.0

            # Calculate relative error
            force_error = abs(force_mean - TARGET_FORCE__AU) / TARGET_FORCE__AU

            # Store metadata
            trial.set_user_attr("force_achieved", float(force_mean))
            trial.set_user_attr("force_error", float(force_error))
            trial.set_user_attr("n_active", n_active)
            trial.set_user_attr("dd_drive__Hz", float(dd_drive__Hz))
            trial.set_user_attr("FR_mean", float(fr_mean))
            trial.set_user_attr("FR_std", float(fr_std))

            if trial.number % 5 == 0:
                print(
                    f"Trial {trial.number}: "
                    f"Force={force_mean:.4f} (target={TARGET_FORCE__AU:.4f}), "
                    f"Error={force_error:.1%}, "
                    f"Drive={dd_drive__Hz:.1f}Hz"
                )

            return force_error

        except Exception as e:
            print(f"Trial {trial.number} failed: {e}")
            return 1000.0









.. GENERATED FROM PYTHON SOURCE LINES 356-360

Run Optimization
----------------

Use Optuna TPE sampler to find optimal DD drive frequency.

.. GENERATED FROM PYTHON SOURCE LINES 360-380

.. code-block:: Python


    print(f"\nOptimizing for {TARGET_FORCE_PCT}% of Baseline Force")
    print("=" * 50)
    print(f"Target force: {TARGET_FORCE__AU:.4f} a.u.")
    print(f"Trials: {N_TRIALS}\n")

    # Get colors from style
    colors = plt.rcParams["axes.prop_cycle"].by_key()["color"]

    storage_name = f"sqlite:///{RESULTS_DIR}/optuna_force_{int(TARGET_FORCE_PCT)}pct.db"
    study = optuna.create_study(
        direction="minimize",
        sampler=optuna.samplers.TPESampler(seed=42),
        study_name=f"force_{int(TARGET_FORCE_PCT)}pct",
        storage=storage_name,
        load_if_exists=True,
    )

    study.optimize(objective, n_trials=N_TRIALS, timeout=TIMEOUT_SECONDS, show_progress_bar=True)





.. rst-class:: sphx-glr-script-out

 .. code-block:: none


    Optimizing for 30.0% of Baseline Force
    ==================================================
    Target force: 10.0520 a.u.
    Trials: 25

      0%|          | 0/25 [00:00<?, ?it/s]
    Pool 1 Twitch trains (Numba):   0%|          | 0/100 [00:00<?, ?MU/s]
    Pool 1 Twitch trains (Numba):   1%|          | 1/100 [00:00<00:11,  8.26MU/s]    Pool 1 Twitch trains (Numba): 100%|██████████| 100/100 [00:00<00:00, 797.71MU/s]
    Trial 0: Force=0.1844 (target=10.0520), Error=98.2%, Drive=38.1Hz
                                          [I 2025-12-16 09:06:28,706] Trial 0 finished with value: 0.9816550178022467 and parameters: {'dd_drive': 38.07947176588889}. Best is trial 0 with value: 0.9816550178022467.
      0%|          | 0/25 [00:03<?, ?it/s]    Best trial: 0. Best value: 0.981655:   0%|          | 0/25 [00:03<?, ?it/s]    Best trial: 0. Best value: 0.981655:   4%|▍         | 1/25 [00:03<01:21,  3.39s/it]    Best trial: 0. Best value: 0.981655:   4%|▍         | 1/25 [00:03<01:21,  3.39s/it, 3.38/3600 seconds]
    Pool 1 Twitch trains (Numba):   0%|          | 0/100 [00:00<?, ?MU/s]
    Pool 1 Twitch trains (Numba):   1%|          | 1/100 [00:00<00:11,  8.26MU/s]    Pool 1 Twitch trains (Numba): 100%|██████████| 100/100 [00:00<00:00, 772.44MU/s]
                                                                                                          [I 2025-12-16 09:06:32,493] Trial 1 finished with value: 3.464271260694079 and parameters: {'dd_drive': 95.1207163345817}. Best is trial 0 with value: 0.9816550178022467.
    Best trial: 0. Best value: 0.981655:   4%|▍         | 1/25 [00:07<01:21,  3.39s/it, 3.38/3600 seconds]    Best trial: 0. Best value: 0.981655:   4%|▍         | 1/25 [00:07<01:21,  3.39s/it, 3.38/3600 seconds]    Best trial: 0. Best value: 0.981655:   8%|▊         | 2/25 [00:07<01:23,  3.62s/it, 3.38/3600 seconds]    Best trial: 0. Best value: 0.981655:   8%|▊         | 2/25 [00:07<01:23,  3.62s/it, 7.17/3600 seconds]
    Pool 1 Twitch trains (Numba):   0%|          | 0/100 [00:00<?, ?MU/s]
    Pool 1 Twitch trains (Numba):   1%|          | 1/100 [00:00<00:12,  8.18MU/s]    Pool 1 Twitch trains (Numba): 100%|██████████| 100/100 [00:00<00:00, 772.28MU/s]
                                                                                                          [I 2025-12-16 09:06:36,164] Trial 2 finished with value: 1.3474872505806823 and parameters: {'dd_drive': 73.46740023932911}. Best is trial 0 with value: 0.9816550178022467.
    Best trial: 0. Best value: 0.981655:   8%|▊         | 2/25 [00:10<01:23,  3.62s/it, 7.17/3600 seconds]    Best trial: 0. Best value: 0.981655:   8%|▊         | 2/25 [00:10<01:23,  3.62s/it, 7.17/3600 seconds]    Best trial: 0. Best value: 0.981655:  12%|█▏        | 3/25 [00:10<01:20,  3.64s/it, 7.17/3600 seconds]    Best trial: 0. Best value: 0.981655:  12%|█▏        | 3/25 [00:10<01:20,  3.64s/it, 10.84/3600 seconds]
    Pool 1 Twitch trains (Numba):   0%|          | 0/100 [00:00<?, ?MU/s]
    Pool 1 Twitch trains (Numba):   1%|          | 1/100 [00:00<00:12,  8.25MU/s]    Pool 1 Twitch trains (Numba): 100%|██████████| 100/100 [00:00<00:00, 782.99MU/s]
                                                                                                           [I 2025-12-16 09:06:39,747] Trial 3 finished with value: 0.22031440830536125 and parameters: {'dd_drive': 60.26718993550662}. Best is trial 3 with value: 0.22031440830536125.
    Best trial: 0. Best value: 0.981655:  12%|█▏        | 3/25 [00:14<01:20,  3.64s/it, 10.84/3600 seconds]    Best trial: 3. Best value: 0.220314:  12%|█▏        | 3/25 [00:14<01:20,  3.64s/it, 10.84/3600 seconds]    Best trial: 3. Best value: 0.220314:  16%|█▌        | 4/25 [00:14<01:16,  3.62s/it, 10.84/3600 seconds]    Best trial: 3. Best value: 0.220314:  16%|█▌        | 4/25 [00:14<01:16,  3.62s/it, 14.42/3600 seconds]
    Pool 1 Twitch trains (Numba):   0%|          | 0/100 [00:00<?, ?MU/s]
    Pool 1 Twitch trains (Numba):   1%|          | 1/100 [00:00<00:11,  8.31MU/s]    Pool 1 Twitch trains (Numba): 100%|██████████| 100/100 [00:00<00:00, 803.93MU/s]
                                                                                                           [I 2025-12-16 09:06:42,939] Trial 4 finished with value: 1500.0 and parameters: {'dd_drive': 16.445845403801215}. Best is trial 3 with value: 0.22031440830536125.
    Best trial: 3. Best value: 0.220314:  16%|█▌        | 4/25 [00:17<01:16,  3.62s/it, 14.42/3600 seconds]    Best trial: 3. Best value: 0.220314:  16%|█▌        | 4/25 [00:17<01:16,  3.62s/it, 14.42/3600 seconds]    Best trial: 3. Best value: 0.220314:  20%|██        | 5/25 [00:17<01:09,  3.47s/it, 14.42/3600 seconds]    Best trial: 3. Best value: 0.220314:  20%|██        | 5/25 [00:17<01:09,  3.47s/it, 17.61/3600 seconds]
    Pool 1 Twitch trains (Numba):   0%|          | 0/100 [00:00<?, ?MU/s]
    Pool 1 Twitch trains (Numba):   1%|          | 1/100 [00:00<00:11,  8.32MU/s]    Pool 1 Twitch trains (Numba): 100%|██████████| 100/100 [00:00<00:00, 804.03MU/s]
                                                                                                           [I 2025-12-16 09:06:46,140] Trial 5 finished with value: 1500.0 and parameters: {'dd_drive': 16.443457513284063}. Best is trial 3 with value: 0.22031440830536125.
    Best trial: 3. Best value: 0.220314:  20%|██        | 5/25 [00:20<01:09,  3.47s/it, 17.61/3600 seconds]    Best trial: 3. Best value: 0.220314:  20%|██        | 5/25 [00:20<01:09,  3.47s/it, 17.61/3600 seconds]    Best trial: 3. Best value: 0.220314:  24%|██▍       | 6/25 [00:20<01:04,  3.38s/it, 17.61/3600 seconds]    Best trial: 3. Best value: 0.220314:  24%|██▍       | 6/25 [00:20<01:04,  3.38s/it, 20.82/3600 seconds]
    Pool 1 Twitch trains (Numba):   0%|          | 0/100 [00:00<?, ?MU/s]
    Pool 1 Twitch trains (Numba):   1%|          | 1/100 [00:00<00:11,  8.42MU/s]    Pool 1 Twitch trains (Numba): 100%|██████████| 100/100 [00:00<00:00, 813.81MU/s]
                                                                                                           [I 2025-12-16 09:06:49,230] Trial 6 finished with value: 1500.0 and parameters: {'dd_drive': 6.750277604651747}. Best is trial 3 with value: 0.22031440830536125.
    Best trial: 3. Best value: 0.220314:  24%|██▍       | 6/25 [00:23<01:04,  3.38s/it, 20.82/3600 seconds]    Best trial: 3. Best value: 0.220314:  24%|██▍       | 6/25 [00:23<01:04,  3.38s/it, 20.82/3600 seconds]    Best trial: 3. Best value: 0.220314:  28%|██▊       | 7/25 [00:23<00:59,  3.28s/it, 20.82/3600 seconds]    Best trial: 3. Best value: 0.220314:  28%|██▊       | 7/25 [00:23<00:59,  3.28s/it, 23.91/3600 seconds]
    Pool 1 Twitch trains (Numba):   0%|          | 0/100 [00:00<?, ?MU/s]
    Pool 1 Twitch trains (Numba):   1%|          | 1/100 [00:00<00:11,  8.39MU/s]    Pool 1 Twitch trains (Numba): 100%|██████████| 100/100 [00:00<00:00, 786.88MU/s]
