                                                                                                           [I 2025-12-16 09:06:53,150] Trial 7 finished with value: 2.5657856845449496 and parameters: {'dd_drive': 86.75143843171858}. Best is trial 3 with value: 0.22031440830536125.
    Best trial: 3. Best value: 0.220314:  28%|██▊       | 7/25 [00:27<00:59,  3.28s/it, 23.91/3600 seconds]    Best trial: 3. Best value: 0.220314:  28%|██▊       | 7/25 [00:27<00:59,  3.28s/it, 23.91/3600 seconds]    Best trial: 3. Best value: 0.220314:  32%|███▏      | 8/25 [00:27<00:59,  3.49s/it, 23.91/3600 seconds]    Best trial: 3. Best value: 0.220314:  32%|███▏      | 8/25 [00:27<00:59,  3.49s/it, 27.83/3600 seconds]
    Pool 1 Twitch trains (Numba):   0%|          | 0/100 [00:00<?, ?MU/s]
    Pool 1 Twitch trains (Numba):   1%|          | 1/100 [00:00<00:12,  8.23MU/s]    Pool 1 Twitch trains (Numba): 100%|██████████| 100/100 [00:00<00:00, 782.43MU/s]
                                                                                                           [I 2025-12-16 09:06:56,742] Trial 8 finished with value: 0.29727482691818946 and parameters: {'dd_drive': 60.510386162577674}. Best is trial 3 with value: 0.22031440830536125.
    Best trial: 3. Best value: 0.220314:  32%|███▏      | 8/25 [00:31<00:59,  3.49s/it, 27.83/3600 seconds]    Best trial: 3. Best value: 0.220314:  32%|███▏      | 8/25 [00:31<00:59,  3.49s/it, 27.83/3600 seconds]    Best trial: 3. Best value: 0.220314:  36%|███▌      | 9/25 [00:31<00:56,  3.52s/it, 27.83/3600 seconds]    Best trial: 3. Best value: 0.220314:  36%|███▌      | 9/25 [00:31<00:56,  3.52s/it, 31.42/3600 seconds]
    Pool 1 Twitch trains (Numba):   0%|          | 0/100 [00:00<?, ?MU/s]
    Pool 1 Twitch trains (Numba):   1%|          | 1/100 [00:00<00:11,  8.38MU/s]    Pool 1 Twitch trains (Numba): 100%|██████████| 100/100 [00:00<00:00, 791.14MU/s]
                                                                                                           [I 2025-12-16 09:07:00,439] Trial 9 finished with value: 1.1338315861032426 and parameters: {'dd_drive': 71.09918520180851}. Best is trial 3 with value: 0.22031440830536125.
    Best trial: 3. Best value: 0.220314:  36%|███▌      | 9/25 [00:35<00:56,  3.52s/it, 31.42/3600 seconds]    Best trial: 3. Best value: 0.220314:  36%|███▌      | 9/25 [00:35<00:56,  3.52s/it, 31.42/3600 seconds]    Best trial: 3. Best value: 0.220314:  40%|████      | 10/25 [00:35<00:53,  3.57s/it, 31.42/3600 seconds]    Best trial: 3. Best value: 0.220314:  40%|████      | 10/25 [00:35<00:53,  3.57s/it, 35.11/3600 seconds]
    Pool 1 Twitch trains (Numba):   0%|          | 0/100 [00:00<?, ?MU/s]
    Pool 1 Twitch trains (Numba):   1%|          | 1/100 [00:00<00:11,  8.49MU/s]    Pool 1 Twitch trains (Numba): 100%|██████████| 100/100 [00:00<00:00, 815.11MU/s]
    Trial 10: Force=2.1110 (target=10.0520), Error=79.0%, Drive=43.1Hz
                                                                                                            [I 2025-12-16 09:07:03,918] Trial 10 finished with value: 0.7899898887949602 and parameters: {'dd_drive': 43.06018041455748}. Best is trial 3 with value: 0.22031440830536125.
    Best trial: 3. Best value: 0.220314:  40%|████      | 10/25 [00:38<00:53,  3.57s/it, 35.11/3600 seconds]    Best trial: 3. Best value: 0.220314:  40%|████      | 10/25 [00:38<00:53,  3.57s/it, 35.11/3600 seconds]    Best trial: 3. Best value: 0.220314:  44%|████▍     | 11/25 [00:38<00:49,  3.54s/it, 35.11/3600 seconds]    Best trial: 3. Best value: 0.220314:  44%|████▍     | 11/25 [00:38<00:49,  3.54s/it, 38.59/3600 seconds]
    Pool 1 Twitch trains (Numba):   0%|          | 0/100 [00:00<?, ?MU/s]
    Pool 1 Twitch trains (Numba):   1%|          | 1/100 [00:00<00:31,  3.12MU/s]    Pool 1 Twitch trains (Numba): 100%|██████████| 100/100 [00:00<00:00, 306.51MU/s]
                                                                                                            [I 2025-12-16 09:07:07,724] Trial 11 finished with value: 0.09439165683825737 and parameters: {'dd_drive': 58.481364479192465}. Best is trial 11 with value: 0.09439165683825737.
    Best trial: 3. Best value: 0.220314:  44%|████▍     | 11/25 [00:42<00:49,  3.54s/it, 38.59/3600 seconds]    Best trial: 11. Best value: 0.0943917:  44%|████▍     | 11/25 [00:42<00:49,  3.54s/it, 38.59/3600 seconds]    Best trial: 11. Best value: 0.0943917:  48%|████▊     | 12/25 [00:42<00:47,  3.63s/it, 38.59/3600 seconds]    Best trial: 11. Best value: 0.0943917:  48%|████▊     | 12/25 [00:42<00:47,  3.63s/it, 42.40/3600 seconds]
    Pool 1 Twitch trains (Numba):   0%|          | 0/100 [00:00<?, ?MU/s]
    Pool 1 Twitch trains (Numba):   1%|          | 1/100 [00:00<00:11,  8.44MU/s]    Pool 1 Twitch trains (Numba): 100%|██████████| 100/100 [00:00<00:00, 804.88MU/s]
                                                                                                              [I 2025-12-16 09:07:11,305] Trial 12 finished with value: 0.27234790071782894 and parameters: {'dd_drive': 53.03673551593903}. Best is trial 11 with value: 0.09439165683825737.
    Best trial: 11. Best value: 0.0943917:  48%|████▊     | 12/25 [00:45<00:47,  3.63s/it, 42.40/3600 seconds]    Best trial: 11. Best value: 0.0943917:  48%|████▊     | 12/25 [00:45<00:47,  3.63s/it, 42.40/3600 seconds]    Best trial: 11. Best value: 0.0943917:  52%|█████▏    | 13/25 [00:45<00:43,  3.61s/it, 42.40/3600 seconds]    Best trial: 11. Best value: 0.0943917:  52%|█████▏    | 13/25 [00:45<00:43,  3.61s/it, 45.98/3600 seconds]
    Pool 1 Twitch trains (Numba):   0%|          | 0/100 [00:00<?, ?MU/s]
    Pool 1 Twitch trains (Numba):   1%|          | 1/100 [00:00<00:12,  7.67MU/s]    Pool 1 Twitch trains (Numba): 100%|██████████| 100/100 [00:00<00:00, 743.10MU/s]
                                                                                                              [I 2025-12-16 09:07:14,740] Trial 13 finished with value: 1500.0 and parameters: {'dd_drive': 33.22040156071675}. Best is trial 11 with value: 0.09439165683825737.
    Best trial: 11. Best value: 0.0943917:  52%|█████▏    | 13/25 [00:49<00:43,  3.61s/it, 45.98/3600 seconds]    Best trial: 11. Best value: 0.0943917:  52%|█████▏    | 13/25 [00:49<00:43,  3.61s/it, 45.98/3600 seconds]    Best trial: 11. Best value: 0.0943917:  56%|█████▌    | 14/25 [00:49<00:39,  3.56s/it, 45.98/3600 seconds]    Best trial: 11. Best value: 0.0943917:  56%|█████▌    | 14/25 [00:49<00:39,  3.56s/it, 49.42/3600 seconds]
    Pool 1 Twitch trains (Numba):   0%|          | 0/100 [00:00<?, ?MU/s]
    Pool 1 Twitch trains (Numba):   1%|          | 1/100 [00:00<00:11,  8.25MU/s]    Pool 1 Twitch trains (Numba): 100%|██████████| 100/100 [00:00<00:00, 781.02MU/s]
                                                                                                              [I 2025-12-16 09:07:18,488] Trial 14 finished with value: 0.8493866506059354 and parameters: {'dd_drive': 66.22564555705405}. Best is trial 11 with value: 0.09439165683825737.
    Best trial: 11. Best value: 0.0943917:  56%|█████▌    | 14/25 [00:53<00:39,  3.56s/it, 49.42/3600 seconds]    Best trial: 11. Best value: 0.0943917:  56%|█████▌    | 14/25 [00:53<00:39,  3.56s/it, 49.42/3600 seconds]    Best trial: 11. Best value: 0.0943917:  60%|██████    | 15/25 [00:53<00:36,  3.62s/it, 49.42/3600 seconds]    Best trial: 11. Best value: 0.0943917:  60%|██████    | 15/25 [00:53<00:36,  3.62s/it, 53.16/3600 seconds]
    Pool 1 Twitch trains (Numba):   0%|          | 0/100 [00:00<?, ?MU/s]
    Pool 1 Twitch trains (Numba):   1%|          | 1/100 [00:00<00:11,  8.31MU/s]    Pool 1 Twitch trains (Numba): 100%|██████████| 100/100 [00:00<00:00, 781.56MU/s]
    Trial 15: Force=29.2321 (target=10.0520), Error=190.8%, Drive=80.4Hz
                                                                                                              [I 2025-12-16 09:07:22,350] Trial 15 finished with value: 1.9080931234002858 and parameters: {'dd_drive': 80.41778694983705}. Best is trial 11 with value: 0.09439165683825737.
    Best trial: 11. Best value: 0.0943917:  60%|██████    | 15/25 [00:57<00:36,  3.62s/it, 53.16/3600 seconds]    Best trial: 11. Best value: 0.0943917:  60%|██████    | 15/25 [00:57<00:36,  3.62s/it, 53.16/3600 seconds]    Best trial: 11. Best value: 0.0943917:  64%|██████▍   | 16/25 [00:57<00:33,  3.69s/it, 53.16/3600 seconds]    Best trial: 11. Best value: 0.0943917:  64%|██████▍   | 16/25 [00:57<00:33,  3.69s/it, 57.03/3600 seconds]
    Pool 1 Twitch trains (Numba):   0%|          | 0/100 [00:00<?, ?MU/s]
    Pool 1 Twitch trains (Numba):   1%|          | 1/100 [00:00<00:11,  8.41MU/s]    Pool 1 Twitch trains (Numba): 100%|██████████| 100/100 [00:00<00:00, 801.01MU/s]
                                                                                                              [I 2025-12-16 09:07:25,983] Trial 16 finished with value: 0.21221824644374454 and parameters: {'dd_drive': 55.17951528087493}. Best is trial 11 with value: 0.09439165683825737.
    Best trial: 11. Best value: 0.0943917:  64%|██████▍   | 16/25 [01:00<00:33,  3.69s/it, 57.03/3600 seconds]    Best trial: 11. Best value: 0.0943917:  64%|██████▍   | 16/25 [01:00<00:33,  3.69s/it, 57.03/3600 seconds]    Best trial: 11. Best value: 0.0943917:  68%|██████▊   | 17/25 [01:00<00:29,  3.67s/it, 57.03/3600 seconds]    Best trial: 11. Best value: 0.0943917:  68%|██████▊   | 17/25 [01:00<00:29,  3.67s/it, 60.66/3600 seconds]
    Pool 1 Twitch trains (Numba):   0%|          | 0/100 [00:00<?, ?MU/s]
    Pool 1 Twitch trains (Numba):   1%|          | 1/100 [00:00<00:11,  8.35MU/s]    Pool 1 Twitch trains (Numba): 100%|██████████| 100/100 [00:00<00:00, 799.43MU/s]
                                                                                                              [I 2025-12-16 09:07:29,570] Trial 17 finished with value: 0.5717924215926391 and parameters: {'dd_drive': 47.705655657723526}. Best is trial 11 with value: 0.09439165683825737.
    Best trial: 11. Best value: 0.0943917:  68%|██████▊   | 17/25 [01:04<00:29,  3.67s/it, 60.66/3600 seconds]    Best trial: 11. Best value: 0.0943917:  68%|██████▊   | 17/25 [01:04<00:29,  3.67s/it, 60.66/3600 seconds]    Best trial: 11. Best value: 0.0943917:  72%|███████▏  | 18/25 [01:04<00:25,  3.65s/it, 60.66/3600 seconds]    Best trial: 11. Best value: 0.0943917:  72%|███████▏  | 18/25 [01:04<00:25,  3.65s/it, 64.25/3600 seconds]
    Pool 1 Twitch trains (Numba):   0%|          | 0/100 [00:00<?, ?MU/s]
    Pool 1 Twitch trains (Numba):   1%|          | 1/100 [00:00<00:11,  8.48MU/s]    Pool 1 Twitch trains (Numba): 100%|██████████| 100/100 [00:00<00:00, 819.62MU/s]
                                                                                                              [I 2025-12-16 09:07:32,969] Trial 18 finished with value: 1500.0 and parameters: {'dd_drive': 29.551953274623962}. Best is trial 11 with value: 0.09439165683825737.
    Best trial: 11. Best value: 0.0943917:  72%|███████▏  | 18/25 [01:07<00:25,  3.65s/it, 64.25/3600 seconds]    Best trial: 11. Best value: 0.0943917:  72%|███████▏  | 18/25 [01:07<00:25,  3.65s/it, 64.25/3600 seconds]    Best trial: 11. Best value: 0.0943917:  76%|███████▌  | 19/25 [01:07<00:21,  3.57s/it, 64.25/3600 seconds]    Best trial: 11. Best value: 0.0943917:  76%|███████▌  | 19/25 [01:07<00:21,  3.57s/it, 67.64/3600 seconds]
    Pool 1 Twitch trains (Numba):   0%|          | 0/100 [00:00<?, ?MU/s]
    Pool 1 Twitch trains (Numba):   1%|          | 1/100 [00:00<00:11,  8.26MU/s]    Pool 1 Twitch trains (Numba): 100%|██████████| 100/100 [00:00<00:00, 787.38MU/s]
                                                                                                              [I 2025-12-16 09:07:36,614] Trial 19 finished with value: 0.27279099154898995 and parameters: {'dd_drive': 53.13261348405321}. Best is trial 11 with value: 0.09439165683825737.
    Best trial: 11. Best value: 0.0943917:  76%|███████▌  | 19/25 [01:11<00:21,  3.57s/it, 67.64/3600 seconds]    Best trial: 11. Best value: 0.0943917:  76%|███████▌  | 19/25 [01:11<00:21,  3.57s/it, 67.64/3600 seconds]    Best trial: 11. Best value: 0.0943917:  80%|████████  | 20/25 [01:11<00:17,  3.59s/it, 67.64/3600 seconds]    Best trial: 11. Best value: 0.0943917:  80%|████████  | 20/25 [01:11<00:17,  3.59s/it, 71.29/3600 seconds]
    Pool 1 Twitch trains (Numba):   0%|          | 0/100 [00:00<?, ?MU/s]
    Pool 1 Twitch trains (Numba):   1%|          | 1/100 [00:00<00:11,  8.41MU/s]    Pool 1 Twitch trains (Numba): 100%|██████████| 100/100 [00:00<00:00, 789.52MU/s]
    Trial 20: Force=34.0107 (target=10.0520), Error=238.3%, Drive=83.2Hz
                                                                                                              [I 2025-12-16 09:07:40,533] Trial 20 finished with value: 2.3834853364150077 and parameters: {'dd_drive': 83.23669056025972}. Best is trial 11 with value: 0.09439165683825737.
    Best trial: 11. Best value: 0.0943917:  80%|████████  | 20/25 [01:15<00:17,  3.59s/it, 71.29/3600 seconds]    Best trial: 11. Best value: 0.0943917:  80%|████████  | 20/25 [01:15<00:17,  3.59s/it, 71.29/3600 seconds]    Best trial: 11. Best value: 0.0943917:  84%|████████▍ | 21/25 [01:15<00:14,  3.69s/it, 71.29/3600 seconds]    Best trial: 11. Best value: 0.0943917:  84%|████████▍ | 21/25 [01:15<00:14,  3.69s/it, 75.21/3600 seconds]
    Pool 1 Twitch trains (Numba):   0%|          | 0/100 [00:00<?, ?MU/s]
    Pool 1 Twitch trains (Numba):   1%|          | 1/100 [00:00<00:11,  8.39MU/s]    Pool 1 Twitch trains (Numba): 100%|██████████| 100/100 [00:00<00:00, 796.51MU/s]
                                                                                                              [I 2025-12-16 09:07:44,259] Trial 21 finished with value: 0.20065856138342952 and parameters: {'dd_drive': 60.423615095150794}. Best is trial 11 with value: 0.09439165683825737.
    Best trial: 11. Best value: 0.0943917:  84%|████████▍ | 21/25 [01:18<00:14,  3.69s/it, 75.21/3600 seconds]    Best trial: 11. Best value: 0.0943917:  84%|████████▍ | 21/25 [01:18<00:14,  3.69s/it, 75.21/3600 seconds]    Best trial: 11. Best value: 0.0943917:  88%|████████▊ | 22/25 [01:18<00:11,  3.70s/it, 75.21/3600 seconds]    Best trial: 11. Best value: 0.0943917:  88%|████████▊ | 22/25 [01:18<00:11,  3.70s/it, 78.93/3600 seconds]
    Pool 1 Twitch trains (Numba):   0%|          | 0/100 [00:00<?, ?MU/s]
    Pool 1 Twitch trains (Numba):   1%|          | 1/100 [00:00<00:11,  8.31MU/s]    Pool 1 Twitch trains (Numba): 100%|██████████| 100/100 [00:00<00:00, 789.00MU/s]
                                                                                                              [I 2025-12-16 09:07:47,968] Trial 22 finished with value: 0.29513343899359656 and parameters: {'dd_drive': 60.05630904081942}. Best is trial 11 with value: 0.09439165683825737.
    Best trial: 11. Best value: 0.0943917:  88%|████████▊ | 22/25 [01:22<00:11,  3.70s/it, 78.93/3600 seconds]    Best trial: 11. Best value: 0.0943917:  88%|████████▊ | 22/25 [01:22<00:11,  3.70s/it, 78.93/3600 seconds]    Best trial: 11. Best value: 0.0943917:  92%|█████████▏| 23/25 [01:22<00:07,  3.70s/it, 78.93/3600 seconds]    Best trial: 11. Best value: 0.0943917:  92%|█████████▏| 23/25 [01:22<00:07,  3.70s/it, 82.64/3600 seconds]
    Pool 1 Twitch trains (Numba):   0%|          | 0/100 [00:00<?, ?MU/s]
    Pool 1 Twitch trains (Numba):   1%|          | 1/100 [00:00<00:12,  8.15MU/s]    Pool 1 Twitch trains (Numba): 100%|██████████| 100/100 [00:00<00:00, 780.46MU/s]
                                                                                                              [I 2025-12-16 09:07:51,605] Trial 23 finished with value: 0.5781788702246885 and parameters: {'dd_drive': 48.78113103909459}. Best is trial 11 with value: 0.09439165683825737.
    Best trial: 11. Best value: 0.0943917:  92%|█████████▏| 23/25 [01:26<00:07,  3.70s/it, 82.64/3600 seconds]    Best trial: 11. Best value: 0.0943917:  92%|█████████▏| 23/25 [01:26<00:07,  3.70s/it, 82.64/3600 seconds]    Best trial: 11. Best value: 0.0943917:  96%|█████████▌| 24/25 [01:26<00:03,  3.68s/it, 82.64/3600 seconds]    Best trial: 11. Best value: 0.0943917:  96%|█████████▌| 24/25 [01:26<00:03,  3.68s/it, 86.28/3600 seconds]
    Pool 1 Twitch trains (Numba):   0%|          | 0/100 [00:00<?, ?MU/s]
    Pool 1 Twitch trains (Numba):   1%|          | 1/100 [00:00<00:33,  2.98MU/s]    Pool 1 Twitch trains (Numba): 100%|██████████| 100/100 [00:00<00:00, 291.56MU/s]
