
.. DO NOT EDIT.
.. THIS FILE WAS AUTOMATICALLY GENERATED BY SPHINX-GALLERY.
.. TO MAKE CHANGES, EDIT THE SOURCE PYTHON FILE:
.. "auto_examples/03_papers/watanabe/02_optimize_oscillating_dc.py"
.. LINE NUMBERS ARE GIVEN BELOW.

.. only:: html

    .. note::
        :class: sphx-glr-download-link-note

        :ref:`Go to the end <sphx_glr_download_auto_examples_03_papers_watanabe_02_optimize_oscillating_dc.py>`
        to download the full example code.

.. rst-class:: sphx-glr-example-title

.. _sphx_glr_auto_examples_03_papers_watanabe_02_optimize_oscillating_dc.py:


Optimize Oscillating DC Offset to Match Reference Force
===========================================================================

This example optimizes the DC offset component of an oscillating descending drive to
match the reference force produced by constant drive (from script 01).
The drive pattern is: `DC_offset + 20*sin(2π*20*t)`.

This finds the equivalent of the original 58 pps value (Phase 3) that produces the same
force as constant drive (Phase 1) when combined with 20 Hz oscillation.

.. note::
    **Purpose**: Find DC offset for Phase 3 that matches Phase 1 force

    - Reference: Constant drive force from script 01 (configurable, default 40 Hz)
    - Optimize: DC offset + 20 Hz oscillation to match that force
    - Result: DC offset < constant drive (oscillation adds activation)

.. important::
    **Prerequisites**: Run ``01_compute_baseline_force.py`` first

**Output**: ``results/watanabe_optimization/dc_offset_optimized.json``

**MyoGen Components Used**:

- :class:`~myogen.simulator.neuron.populations.AlphaMN__Pool`:
  Same motor neuron pool as script 01. Created fresh for each optimization trial
  to ensure independent network realizations.

- :class:`~myogen.simulator.neuron.populations.DescendingDrive__Pool`:
  Poisson spike generators driven by time-varying rate: ``DC_offset + amplitude*sin(2πft)``.
  The ``integrate()`` method advances the internal Poisson process by one timestep.

- :class:`~myogen.simulator.Network`:
  Rebuilds the network for each trial with same connectivity parameters (30%).

- :class:`~myogen.simulator.core.force.force_model.ForceModel`:
  Computes steady-state force from spike trains to evaluate objective function.

- **External dependency**: ``optuna`` for Bayesian optimization (TPE sampler).

**Key Concept**: The oscillation itself contributes to motor neuron activation, so
the DC offset in Phase 3 must be *lower* than the constant drive in Phase 1 to
produce the same mean force. The original paper found 58 Hz offset vs 65 Hz constant.

**Workflow Position**: Step 2 of 6

**Next Step**: Run ``03_10pct_mvc_simulation.py`` to run the full 3-phase simulation.

.. GENERATED FROM PYTHON SOURCE LINES 54-56

Import Libraries
----------------

.. GENERATED FROM PYTHON SOURCE LINES 56-86

.. code-block:: Python


    import json
    import os

    os.environ["MPLBACKEND"] = "Agg"
    if "DISPLAY" in os.environ:
        del os.environ["DISPLAY"]

    import warnings
    from pathlib import Path

    import joblib
    import matplotlib.pyplot as plt
    import numpy as np
    import optuna
    import quantities as pq
    from neo import Block, Segment, SpikeTrain
    from neuron import h

    from myogen import get_random_generator, set_random_seed
    from myogen.simulator import RecruitmentThresholds
    from myogen.simulator.core.force.force_model import ForceModel
    from myogen.simulator.neuron import Network
    from myogen.simulator.neuron.populations import AlphaMN__Pool, DescendingDrive__Pool
    from myogen.utils.helper import calculate_firing_rate_statistics
    from myogen.utils.nmodl import load_nmodl_mechanisms

    warnings.filterwarnings("ignore")
    plt.style.use("fivethirtyeight")








.. GENERATED FROM PYTHON SOURCE LINES 87-89

Configuration
-------------

.. GENERATED FROM PYTHON SOURCE LINES 89-122

.. code-block:: Python


    # Simulation parameters
    SIMULATION_TIME_MS = 5000.0  # Shorter simulation for efficient optimization
    TIMESTEP_MS = 0.1
    N_MOTOR_UNITS = 800  # Watanabe specification

    # Force model parameters
    RECORDING_FREQUENCY__HZ = 2048
    LONGEST_DURATION_RISE_TIME__MS = 90.0
    CONTRACTION_TIME_RANGE = 3

    # Oscillation parameters (Watanabe specification)
    OSC_FREQUENCY__HZ = 20.0  # 20 Hz physiological tremor
    OSC_AMPLITUDE__HZ = 20.0  # Amplitude of oscillation

    # Optimization settings
    N_TRIALS = 25  # Increase for production
    TIMEOUT_SECONDS = 3600

    # Network parameters (Watanabe specification)
    N_DD_NEURONS = 400
    DD_CONNECTIVITY = 0.3
    SYNAPTIC_WEIGHT = 0.05

    # Directories
    try:
        _script_dir = Path(__file__).parent
    except NameError:
        _script_dir = Path.cwd()
    BASELINE_DIR = _script_dir / "results" / "watanabe_optimization"
    RESULTS_DIR = _script_dir / "results" / "watanabe_optimization"
    RESULTS_DIR.mkdir(exist_ok=True, parents=True)








.. GENERATED FROM PYTHON SOURCE LINES 123-125

Load Reference Force Data
--------------------------

.. GENERATED FROM PYTHON SOURCE LINES 125-153

.. code-block:: Python


    print("\nLoading Reference Force (Constant Drive)")
    print("=" * 50)

    reference_file = BASELINE_DIR / "force_reference.json"

    if not reference_file.exists():
        raise FileNotFoundError(
            f"Reference force not found: {reference_file}\nRun 01_compute_baseline_force.py first!"
        )

    with open(reference_file, "r") as f:
        reference_results = json.load(f)

    # Extract reference force and scaling
    REFERENCE_FORCE__N = reference_results["force"]["mean__N"]
    REFERENCE_DRIVE__HZ = reference_results["network_parameters"]["dd_drive__Hz"]
    TARGET_FORCE__N = REFERENCE_FORCE__N  # Match the reference force
    MAX_FORCE_N = reference_results["force_scaling"]["max_force__N"]

    print(f"Reference force: {REFERENCE_FORCE__N:.2f} N ({REFERENCE_DRIVE__HZ:.1f} Hz constant)")
    print(f"Target force: {TARGET_FORCE__N:.2f} N (match with oscillation)")
    print(f"Force scaling: {MAX_FORCE_N:.0f} N maximum")
    print(f"Oscillation: {OSC_FREQUENCY__HZ} Hz, amplitude {OSC_AMPLITUDE__HZ} Hz")
    print(f"DD neurons: {N_DD_NEURONS}")
    print(f"Connection probability: {DD_CONNECTIVITY:.1%}")
    print("=" * 50 + "\n")





.. rst-class:: sphx-glr-script-out

 .. code-block:: none


    Loading Reference Force (Constant Drive)
    ==================================================
    Reference force: 71.87 N (40.0 Hz constant)
    Target force: 71.87 N (match with oscillation)
    Force scaling: 100 N maximum
    Oscillation: 20.0 Hz, amplitude 20.0 Hz
    DD neurons: 400
    Connection probability: 30.0%
    ==================================================





.. GENERATED FROM PYTHON SOURCE LINES 154-156

Initialize NEURON
-----------------

.. GENERATED FROM PYTHON SOURCE LINES 156-161

.. code-block:: Python


    set_random_seed(42)
    load_nmodl_mechanisms()
    h.secondorder = 2





.. rst-class:: sphx-glr-script-out

 .. code-block:: none

    Random seed set to 42.




.. GENERATED FROM PYTHON SOURCE LINES 162-164

Define Simulation Function
---------------------------

.. GENERATED FROM PYTHON SOURCE LINES 164-300

.. code-block:: Python



    def run_simulation_with_oscillating_drive(dc_offset, recruitment_thresholds):
        """
        Run network simulation with oscillating drive and compute resulting force.

        Drive pattern: dc_offset + OSC_AMPLITUDE * sin(2*pi*OSC_FREQUENCY*t)

        Parameters
        ----------
        dc_offset : float
            DC offset component of oscillating drive (Hz)
        recruitment_thresholds : np.ndarray
            Motor unit recruitment thresholds

        Returns
        -------
        tuple
            (force_mean, n_active, fr_mean, fr_std)
        """
        # Create motor neuron pool
        motor_neuron_pool = AlphaMN__Pool(
            recruitment_thresholds__array=recruitment_thresholds,
            config_file="alpha_mn_default.yaml",
        )

        # Create descending drive pool (Poisson - Watanabe specification)
        descending_drive_pool = DescendingDrive__Pool(
            n=N_DD_NEURONS,
            timestep__ms=TIMESTEP_MS * pq.ms,
            process_type="poisson",
            poisson_batch_size=1,  # Order 1 Poisson (Watanabe)
        )

        # Build network
        network = Network({"DD": descending_drive_pool, "aMN": motor_neuron_pool})
        network.connect(
            source="DD",
            target="aMN",
            probability=DD_CONNECTIVITY,
            weight__uS=SYNAPTIC_WEIGHT * pq.uS,
        )
        network.connect_from_external(source="cortical_input", target="DD", weight__uS=1.0 * pq.uS)
        dd_netcons = network.get_netcons("cortical_input", "DD")

        # Setup spike recording
        mn_spike_recorders = []
        for cell in motor_neuron_pool:
            spike_recorder = h.Vector()
            nc = h.NetCon(cell.soma(0.5)._ref_v, None, sec=cell.soma)
            nc.threshold = 50
            nc.record(spike_recorder)
            mn_spike_recorders.append(spike_recorder)

        # Create oscillating drive signal: DC + amplitude * sin(2*pi*freq*t)
        time_points = int(SIMULATION_TIME_MS / TIMESTEP_MS)
        time_s = np.arange(time_points) * TIMESTEP_MS / 1000.0

        # Oscillating component
        drive_signal = dc_offset + OSC_AMPLITUDE__HZ * np.sin(2 * np.pi * OSC_FREQUENCY__HZ * time_s)

        # Clip to prevent negative firing rates
        drive_signal = np.clip(drive_signal, 0, None)

        # Add small noise
        drive_signal += np.clip(get_random_generator().normal(0, 1.0, size=time_points), 0, None)

        # Initialize simulation
        h.load_file("stdrun.hoc")
        h.dt = TIMESTEP_MS
        h.tstop = SIMULATION_TIME_MS

        for section, voltage in zip(*motor_neuron_pool.get_initialization_data()):
            section.v = voltage
        for section, voltage in zip(*descending_drive_pool.get_initialization_data()):
            section.v = voltage

        h.finitialize()

        # Run simulation
        step_counter = 0
        while h.t < h.tstop:
            current_drive = drive_signal[min(step_counter, len(drive_signal) - 1)]
            for dd_cell in descending_drive_pool:
                if dd_cell.integrate(current_drive):
                    if h.t < h.tstop:
                        dd_netcons[dd_cell.pool__ID].event(h.t + 1)
            h.fadvance()
            step_counter += 1

        # Convert to Neo format
        dt_s = h.dt / 1000.0
        mn_segment = Segment(name="Motor Neurons")
        mn_segment.spiketrains = [
            SpikeTrain(
                recorder.as_numpy() / 1000 * pq.s,
                t_stop=SIMULATION_TIME_MS / 1000 * pq.s,
                sampling_rate=(1 / dt_s * pq.Hz),
                sampling_period=dt_s * pq.s,
                name=f"MN_{i}",
            )
            for i, recorder in enumerate(mn_spike_recorders)
        ]

        spike_train__Block = Block(name="Motor Unit Pool")
        spike_train__Block.segments = [mn_segment]

        # Calculate statistics
        n_active = sum(1 for st in mn_segment.spiketrains if len(st) > 1)
        stats = calculate_firing_rate_statistics(mn_segment.spiketrains)
        fr_mean = float(stats["FR_mean"])
        fr_std = float(stats["FR_std"])

        # Generate force
        force_model = ForceModel(
            recruitment_thresholds=recruitment_thresholds,
            recording_frequency__Hz=RECORDING_FREQUENCY__HZ * pq.Hz,
            longest_duration_rise_time__ms=LONGEST_DURATION_RISE_TIME__MS * pq.ms,
            contraction_time_range_factor=CONTRACTION_TIME_RANGE,
        )

        force_output = force_model.generate_force(spike_train__Block=spike_train__Block)
        force_raw = force_output.magnitude[:, 0]  # Arbitrary units (sum of MU twitches)

        # Normalize force to 0-1 range, then scale to Newtons
        # (ForceModel outputs sum of MU twitch forces, not normalized values)
        force_max_raw = np.max(force_raw)
        force_signal = (force_raw / force_max_raw) * MAX_FORCE_N  # Scale to Newtons

        # Calculate steady-state force
        steady_idx = len(force_signal) // 2
        force_mean = np.mean(force_signal[steady_idx:])

        return force_mean, n_active, fr_mean, fr_std









.. GENERATED FROM PYTHON SOURCE LINES 301-303

Define Objective Function
--------------------------

.. GENERATED FROM PYTHON SOURCE LINES 303-368

.. code-block:: Python


    # Generate recruitment thresholds
    recruitment_thresholds, _ = RecruitmentThresholds(
        N=N_MOTOR_UNITS,
        recruitment_range__ratio=100,
        deluca__slope=5,
        konstantin__max_threshold__ratio=1.0,
        mode="combined",
    )


    def objective(trial):
        """
        Optimize DC offset to match reference force with oscillation.

        Parameters
        ----------
        trial : optuna.Trial
            Optimization trial

        Returns
        -------
        float
            Relative force error (minimize)
        """
        try:
            # Optimize DC offset (will be lower than constant drive)
            dc_offset = trial.suggest_float("dc_offset", 1.0, 100.0)

            # Run simulation with oscillating drive
            force_mean, n_active, fr_mean, fr_std = run_simulation_with_oscillating_drive(
                dc_offset, recruitment_thresholds
            )

            # Check minimum recruitment
            if n_active < 10:  # At least 1.25% of neurons
                return 1000.0 + (10 - n_active) * 100.0

            # Calculate relative error
            force_error = abs(force_mean - TARGET_FORCE__N) / TARGET_FORCE__N

            # Store metadata
            trial.set_user_attr("force_achieved", float(force_mean))
            trial.set_user_attr("force_error", float(force_error))
            trial.set_user_attr("n_active", n_active)
            trial.set_user_attr("dc_offset__Hz", float(dc_offset))
            trial.set_user_attr("FR_mean", float(fr_mean))
            trial.set_user_attr("FR_std", float(fr_std))

            if trial.number % 5 == 0:
                print(
                    f"Trial {trial.number}: "
                    f"Force={force_mean:.2f}N (target={TARGET_FORCE__N:.2f}N), "
                    f"Error={force_error:.1%}, "
                    f"DC={dc_offset:.1f}Hz, "
                    f"Active={n_active}/{N_MOTOR_UNITS}"
                )

            return force_error

        except Exception as e:
            print(f"Trial {trial.number} failed: {e}")
            return 1000.0









.. GENERATED FROM PYTHON SOURCE LINES 369-371

Run Optimization
----------------

.. GENERATED FROM PYTHON SOURCE LINES 371-392

.. code-block:: Python


    print(f"\nOptimizing DC Offset to Match Reference Force (Oscillating Drive)")
    print("=" * 50)
    print(f"Target force: {TARGET_FORCE__N:.2f} N ({REFERENCE_DRIVE__HZ:.1f} Hz reference)")
    print(f"Oscillation: {OSC_FREQUENCY__HZ} Hz (amplitude {OSC_AMPLITUDE__HZ} Hz)")
    print(f"Optimizing: DC offset component")
    print(f"Trials: {N_TRIALS}\n")

    colors = plt.rcParams["axes.prop_cycle"].by_key()["color"]

    storage_name = f"sqlite:///{RESULTS_DIR}/optuna_oscillating_dc.db"
    study = optuna.create_study(
        direction="minimize",
        sampler=optuna.samplers.TPESampler(seed=42),
        study_name="dc_offset_oscillating_match",
        storage=storage_name,
        load_if_exists=True,
    )

    study.optimize(objective, n_trials=N_TRIALS, timeout=TIMEOUT_SECONDS, show_progress_bar=True)





.. rst-class:: sphx-glr-script-out

 .. code-block:: none


    Optimizing DC Offset to Match Reference Force (Oscillating Drive)
    ==================================================
    Target force: 71.87 N (40.0 Hz reference)
    Oscillation: 20.0 Hz (amplitude 20.0 Hz)
    Optimizing: DC offset component
    Trials: 25

      0%|          | 0/25 [00:00<?, ?it/s]
    Pool 1 Twitch trains (Numba):   0%|          | 0/800 [00:00<?, ?MU/s]
    Pool 1 Twitch trains (Numba):   0%|          | 1/800 [00:00<01:44,  7.68MU/s]    Pool 1 Twitch trains (Numba): 100%|██████████| 800/800 [00:00<00:00, 4718.13MU/s]
    Trial 0: Force=74.64N (target=71.87N), Error=3.9%, DC=38.1Hz, Active=464/800
                                          [I 2026-04-19 07:12:39,246] Trial 0 finished with value: 0.038631953828206916 and parameters: {'dc_offset': 38.07947176588889}. Best is trial 0 with value: 0.038631953828206916.
      0%|          | 0/25 [00:29<?, ?it/s]    Best trial: 0. Best value: 0.038632:   0%|          | 0/25 [00:29<?, ?it/s]    Best trial: 0. Best value: 0.038632:   4%|▍         | 1/25 [00:29<11:49, 29.56s/it]    Best trial: 0. Best value: 0.038632:   4%|▍         | 1/25 [00:29<11:49, 29.56s/it, 29.56/3600 seconds]
    Pool 1 Twitch trains (Numba):   0%|          | 0/800 [00:00<?, ?MU/s]
    Pool 1 Twitch trains (Numba):   0%|          | 1/800 [00:00<01:44,  7.68MU/s]    Pool 1 Twitch trains (Numba): 100%|██████████| 800/800 [00:00<00:00, 4088.68MU/s]
                                                                                                           [I 2026-04-19 07:13:12,130] Trial 1 finished with value: 0.24156491697859803 and parameters: {'dc_offset': 95.1207163345817}. Best is trial 0 with value: 0.038631953828206916.
    Best trial: 0. Best value: 0.038632:   4%|▍         | 1/25 [01:02<11:49, 29.56s/it, 29.56/3600 seconds]    Best trial: 0. Best value: 0.038632:   4%|▍         | 1/25 [01:02<11:49, 29.56s/it, 29.56/3600 seconds]    Best trial: 0. Best value: 0.038632:   8%|▊         | 2/25 [01:02<12:04, 31.51s/it, 29.56/3600 seconds]    Best trial: 0. Best value: 0.038632:   8%|▊         | 2/25 [01:02<12:04, 31.51s/it, 62.44/3600 seconds]
    Pool 1 Twitch trains (Numba):   0%|          | 0/800 [00:00<?, ?MU/s]
    Pool 1 Twitch trains (Numba):   0%|          | 1/800 [00:00<01:43,  7.72MU/s]    Pool 1 Twitch trains (Numba): 100%|██████████| 800/800 [00:00<00:00, 4235.54MU/s]
                                                                                                           [I 2026-04-19 07:13:44,280] Trial 2 finished with value: 0.18447398767728712 and parameters: {'dc_offset': 73.46740023932911}. Best is trial 0 with value: 0.038631953828206916.
    Best trial: 0. Best value: 0.038632:   8%|▊         | 2/25 [01:34<12:04, 31.51s/it, 62.44/3600 seconds]    Best trial: 0. Best value: 0.038632:   8%|▊         | 2/25 [01:34<12:04, 31.51s/it, 62.44/3600 seconds]    Best trial: 0. Best value: 0.038632:  12%|█▏        | 3/25 [01:34<11:39, 31.80s/it, 62.44/3600 seconds]    Best trial: 0. Best value: 0.038632:  12%|█▏        | 3/25 [01:34<11:39, 31.80s/it, 94.59/3600 seconds]
    Pool 1 Twitch trains (Numba):   0%|          | 0/800 [00:00<?, ?MU/s]
    Pool 1 Twitch trains (Numba):   0%|          | 1/800 [00:00<01:42,  7.76MU/s]    Pool 1 Twitch trains (Numba): 100%|██████████| 800/800 [00:00<00:00, 4428.77MU/s]
                                                                                                           [I 2026-04-19 07:14:15,621] Trial 3 finished with value: 0.17157266797498263 and parameters: {'dc_offset': 60.26718993550662}. Best is trial 0 with value: 0.038631953828206916.
    Best trial: 0. Best value: 0.038632:  12%|█▏        | 3/25 [02:05<11:39, 31.80s/it, 94.59/3600 seconds]    Best trial: 0. Best value: 0.038632:  12%|█▏        | 3/25 [02:05<11:39, 31.80s/it, 94.59/3600 seconds]    Best trial: 0. Best value: 0.038632:  16%|█▌        | 4/25 [02:05<11:04, 31.62s/it, 94.59/3600 seconds]    Best trial: 0. Best value: 0.038632:  16%|█▌        | 4/25 [02:05<11:04, 31.62s/it, 125.93/3600 seconds]
    Pool 1 Twitch trains (Numba):   0%|          | 0/800 [00:00<?, ?MU/s]
    Pool 1 Twitch trains (Numba):   0%|          | 1/800 [00:00<01:41,  7.85MU/s]    Pool 1 Twitch trains (Numba): 100%|██████████| 800/800 [00:00<00:00, 5195.32MU/s]
                                                                                                            [I 2026-04-19 07:14:43,808] Trial 4 finished with value: 1900.0 and parameters: {'dc_offset': 16.445845403801215}. Best is trial 0 with value: 0.038631953828206916.
    Best trial: 0. Best value: 0.038632:  16%|█▌        | 4/25 [02:34<11:04, 31.62s/it, 125.93/3600 seconds]    Best trial: 0. Best value: 0.038632:  16%|█▌        | 4/25 [02:34<11:04, 31.62s/it, 125.93/3600 seconds]    Best trial: 0. Best value: 0.038632:  20%|██        | 5/25 [02:34<10:07, 30.38s/it, 125.93/3600 seconds]    Best trial: 0. Best value: 0.038632:  20%|██        | 5/25 [02:34<10:07, 30.38s/it, 154.12/3600 seconds]
    Pool 1 Twitch trains (Numba):   0%|          | 0/800 [00:00<?, ?MU/s]
    Pool 1 Twitch trains (Numba):   0%|          | 1/800 [00:00<01:42,  7.76MU/s]    Pool 1 Twitch trains (Numba): 100%|██████████| 800/800 [00:00<00:00, 5151.72MU/s]
                                                                                                            [I 2026-04-19 07:15:12,121] Trial 5 finished with value: 1400.0 and parameters: {'dc_offset': 16.443457513284063}. Best is trial 0 with value: 0.038631953828206916.
    Best trial: 0. Best value: 0.038632:  20%|██        | 5/25 [03:02<10:07, 30.38s/it, 154.12/3600 seconds]    Best trial: 0. Best value: 0.038632:  20%|██        | 5/25 [03:02<10:07, 30.38s/it, 154.12/3600 seconds]    Best trial: 0. Best value: 0.038632:  24%|██▍       | 6/25 [03:02<09:23, 29.68s/it, 154.12/3600 seconds]    Best trial: 0. Best value: 0.038632:  24%|██▍       | 6/25 [03:02<09:23, 29.68s/it, 182.43/3600 seconds]
    Pool 1 Twitch trains (Numba):   0%|          | 0/800 [00:00<?, ?MU/s]
    Pool 1 Twitch trains (Numba):   0%|          | 1/800 [00:00<01:42,  7.79MU/s]    Pool 1 Twitch trains (Numba): 100%|██████████| 800/800 [00:00<00:00, 5168.80MU/s]
