                                                                                                            [I 2026-04-19 07:15:40,554] Trial 6 finished with value: 2000.0 and parameters: {'dc_offset': 6.750277604651747}. Best is trial 0 with value: 0.038631953828206916.
    Best trial: 0. Best value: 0.038632:  24%|██▍       | 6/25 [03:30<09:23, 29.68s/it, 182.43/3600 seconds]    Best trial: 0. Best value: 0.038632:  24%|██▍       | 6/25 [03:30<09:23, 29.68s/it, 182.43/3600 seconds]    Best trial: 0. Best value: 0.038632:  28%|██▊       | 7/25 [03:30<08:46, 29.27s/it, 182.43/3600 seconds]    Best trial: 0. Best value: 0.038632:  28%|██▊       | 7/25 [03:30<08:46, 29.27s/it, 210.86/3600 seconds]
    Pool 1 Twitch trains (Numba):   0%|          | 0/800 [00:00<?, ?MU/s]
    Pool 1 Twitch trains (Numba):   0%|          | 1/800 [00:00<01:45,  7.55MU/s]    Pool 1 Twitch trains (Numba): 100%|██████████| 800/800 [00:00<00:00, 4081.88MU/s]
                                                                                                            [I 2026-04-19 07:16:13,514] Trial 7 finished with value: 0.18959351212516473 and parameters: {'dc_offset': 86.75143843171858}. Best is trial 0 with value: 0.038631953828206916.
    Best trial: 0. Best value: 0.038632:  28%|██▊       | 7/25 [04:03<08:46, 29.27s/it, 210.86/3600 seconds]    Best trial: 0. Best value: 0.038632:  28%|██▊       | 7/25 [04:03<08:46, 29.27s/it, 210.86/3600 seconds]    Best trial: 0. Best value: 0.038632:  32%|███▏      | 8/25 [04:03<08:37, 30.45s/it, 210.86/3600 seconds]    Best trial: 0. Best value: 0.038632:  32%|███▏      | 8/25 [04:03<08:37, 30.45s/it, 243.82/3600 seconds]
    Pool 1 Twitch trains (Numba):   0%|          | 0/800 [00:00<?, ?MU/s]
    Pool 1 Twitch trains (Numba):   0%|          | 1/800 [00:00<01:42,  7.80MU/s]    Pool 1 Twitch trains (Numba): 100%|██████████| 800/800 [00:00<00:00, 4443.68MU/s]
                                                                                                            [I 2026-04-19 07:16:44,791] Trial 8 finished with value: 0.11877508920599902 and parameters: {'dc_offset': 60.510386162577674}. Best is trial 0 with value: 0.038631953828206916.
    Best trial: 0. Best value: 0.038632:  32%|███▏      | 8/25 [04:35<08:37, 30.45s/it, 243.82/3600 seconds]    Best trial: 0. Best value: 0.038632:  32%|███▏      | 8/25 [04:35<08:37, 30.45s/it, 243.82/3600 seconds]    Best trial: 0. Best value: 0.038632:  36%|███▌      | 9/25 [04:35<08:11, 30.71s/it, 243.82/3600 seconds]    Best trial: 0. Best value: 0.038632:  36%|███▌      | 9/25 [04:35<08:11, 30.71s/it, 275.10/3600 seconds]
    Pool 1 Twitch trains (Numba):   0%|          | 0/800 [00:00<?, ?MU/s]
    Pool 1 Twitch trains (Numba):   0%|          | 1/800 [00:00<01:43,  7.71MU/s]    Pool 1 Twitch trains (Numba): 100%|██████████| 800/800 [00:00<00:00, 4250.55MU/s]
                                                                                                            [I 2026-04-19 07:17:16,707] Trial 9 finished with value: 0.14394177952341136 and parameters: {'dc_offset': 71.09918520180851}. Best is trial 0 with value: 0.038631953828206916.
    Best trial: 0. Best value: 0.038632:  36%|███▌      | 9/25 [05:07<08:11, 30.71s/it, 275.10/3600 seconds]    Best trial: 0. Best value: 0.038632:  36%|███▌      | 9/25 [05:07<08:11, 30.71s/it, 275.10/3600 seconds]    Best trial: 0. Best value: 0.038632:  40%|████      | 10/25 [05:07<07:46, 31.08s/it, 275.10/3600 seconds]    Best trial: 0. Best value: 0.038632:  40%|████      | 10/25 [05:07<07:46, 31.08s/it, 307.02/3600 seconds]
    Pool 1 Twitch trains (Numba):   0%|          | 0/800 [00:00<?, ?MU/s]
    Pool 1 Twitch trains (Numba):   0%|          | 1/800 [00:00<01:43,  7.73MU/s]    Pool 1 Twitch trains (Numba): 100%|██████████| 800/800 [00:00<00:00, 4751.04MU/s]
    Trial 10: Force=72.16N (target=71.87N), Error=0.4%, DC=38.1Hz, Active=460/800
                                                                                                             [I 2026-04-19 07:17:46,922] Trial 10 finished with value: 0.004072670774146443 and parameters: {'dc_offset': 38.07318637690311}. Best is trial 10 with value: 0.004072670774146443.
    Best trial: 0. Best value: 0.038632:  40%|████      | 10/25 [05:37<07:46, 31.08s/it, 307.02/3600 seconds]    Best trial: 10. Best value: 0.00407267:  40%|████      | 10/25 [05:37<07:46, 31.08s/it, 307.02/3600 seconds]    Best trial: 10. Best value: 0.00407267:  44%|████▍     | 11/25 [05:37<07:11, 30.82s/it, 307.02/3600 seconds]    Best trial: 10. Best value: 0.00407267:  44%|████▍     | 11/25 [05:37<07:11, 30.82s/it, 337.23/3600 seconds]
    Pool 1 Twitch trains (Numba):   0%|          | 0/800 [00:00<?, ?MU/s]
    Pool 1 Twitch trains (Numba):   0%|          | 1/800 [00:00<01:42,  7.83MU/s]    Pool 1 Twitch trains (Numba): 100%|██████████| 800/800 [00:00<00:00, 4806.50MU/s]
                                                                                                                [I 2026-04-19 07:18:16,892] Trial 11 finished with value: 0.010438187597422358 and parameters: {'dc_offset': 38.36496804250745}. Best is trial 10 with value: 0.004072670774146443.
    Best trial: 10. Best value: 0.00407267:  44%|████▍     | 11/25 [06:07<07:11, 30.82s/it, 337.23/3600 seconds]    Best trial: 10. Best value: 0.00407267:  44%|████▍     | 11/25 [06:07<07:11, 30.82s/it, 337.23/3600 seconds]    Best trial: 10. Best value: 0.00407267:  48%|████▊     | 12/25 [06:07<06:37, 30.56s/it, 337.23/3600 seconds]    Best trial: 10. Best value: 0.00407267:  48%|████▊     | 12/25 [06:07<06:37, 30.56s/it, 367.20/3600 seconds]
    Pool 1 Twitch trains (Numba):   0%|          | 0/800 [00:00<?, ?MU/s]
    Pool 1 Twitch trains (Numba):   0%|          | 1/800 [00:00<01:42,  7.79MU/s]    Pool 1 Twitch trains (Numba): 100%|██████████| 800/800 [00:00<00:00, 4812.03MU/s]
                                                                                                                [I 2026-04-19 07:18:46,749] Trial 12 finished with value: 0.023661723459656742 and parameters: {'dc_offset': 36.00024627510359}. Best is trial 10 with value: 0.004072670774146443.
    Best trial: 10. Best value: 0.00407267:  48%|████▊     | 12/25 [06:37<06:37, 30.56s/it, 367.20/3600 seconds]    Best trial: 10. Best value: 0.00407267:  48%|████▊     | 12/25 [06:37<06:37, 30.56s/it, 367.20/3600 seconds]    Best trial: 10. Best value: 0.00407267:  52%|█████▏    | 13/25 [06:37<06:04, 30.35s/it, 367.20/3600 seconds]    Best trial: 10. Best value: 0.00407267:  52%|█████▏    | 13/25 [06:37<06:04, 30.35s/it, 397.06/3600 seconds]
    Pool 1 Twitch trains (Numba):   0%|          | 0/800 [00:00<?, ?MU/s]
    Pool 1 Twitch trains (Numba):   0%|          | 1/800 [00:00<01:43,  7.70MU/s]    Pool 1 Twitch trains (Numba): 100%|██████████| 800/800 [00:00<00:00, 4694.98MU/s]
                                                                                                                [I 2026-04-19 07:19:16,539] Trial 13 finished with value: 0.15031978426355613 and parameters: {'dc_offset': 40.662452993324706}. Best is trial 10 with value: 0.004072670774146443.
    Best trial: 10. Best value: 0.00407267:  52%|█████▏    | 13/25 [07:06<06:04, 30.35s/it, 397.06/3600 seconds]    Best trial: 10. Best value: 0.00407267:  52%|█████▏    | 13/25 [07:06<06:04, 30.35s/it, 397.06/3600 seconds]    Best trial: 10. Best value: 0.00407267:  56%|█████▌    | 14/25 [07:06<05:31, 30.18s/it, 397.06/3600 seconds]    Best trial: 10. Best value: 0.00407267:  56%|█████▌    | 14/25 [07:06<05:31, 30.18s/it, 426.85/3600 seconds]
    Pool 1 Twitch trains (Numba):   0%|          | 0/800 [00:00<?, ?MU/s]
    Pool 1 Twitch trains (Numba):   0%|          | 1/800 [00:00<01:44,  7.63MU/s]    Pool 1 Twitch trains (Numba): 100%|██████████| 800/800 [00:00<00:00, 4927.84MU/s]
                                                                                                                [I 2026-04-19 07:19:45,867] Trial 14 finished with value: 0.23312883705261206 and parameters: {'dc_offset': 27.212246207920185}. Best is trial 10 with value: 0.004072670774146443.
    Best trial: 10. Best value: 0.00407267:  56%|█████▌    | 14/25 [07:36<05:31, 30.18s/it, 426.85/3600 seconds]    Best trial: 10. Best value: 0.00407267:  56%|█████▌    | 14/25 [07:36<05:31, 30.18s/it, 426.85/3600 seconds]    Best trial: 10. Best value: 0.00407267:  60%|██████    | 15/25 [07:36<04:59, 29.92s/it, 426.85/3600 seconds]    Best trial: 10. Best value: 0.00407267:  60%|██████    | 15/25 [07:36<04:59, 29.92s/it, 456.18/3600 seconds]
    Pool 1 Twitch trains (Numba):   0%|          | 0/800 [00:00<?, ?MU/s]
    Pool 1 Twitch trains (Numba):   0%|          | 1/800 [00:00<01:42,  7.78MU/s]    Pool 1 Twitch trains (Numba): 100%|██████████| 800/800 [00:00<00:00, 4620.58MU/s]
    Trial 15: Force=81.96N (target=71.87N), Error=14.1%, DC=48.9Hz, Active=535/800
                                                                                                                [I 2026-04-19 07:20:16,059] Trial 15 finished with value: 0.14050851263480302 and parameters: {'dc_offset': 48.92220834352817}. Best is trial 10 with value: 0.004072670774146443.
    Best trial: 10. Best value: 0.00407267:  60%|██████    | 15/25 [08:06<04:59, 29.92s/it, 456.18/3600 seconds]    Best trial: 10. Best value: 0.00407267:  60%|██████    | 15/25 [08:06<04:59, 29.92s/it, 456.18/3600 seconds]    Best trial: 10. Best value: 0.00407267:  64%|██████▍   | 16/25 [08:06<04:30, 30.00s/it, 456.18/3600 seconds]    Best trial: 10. Best value: 0.00407267:  64%|██████▍   | 16/25 [08:06<04:30, 30.00s/it, 486.37/3600 seconds]
    Pool 1 Twitch trains (Numba):   0%|          | 0/800 [00:00<?, ?MU/s]
    Pool 1 Twitch trains (Numba):   0%|          | 1/800 [00:00<01:42,  7.77MU/s]    Pool 1 Twitch trains (Numba): 100%|██████████| 800/800 [00:00<00:00, 5028.06MU/s]
                                                                                                                [I 2026-04-19 07:20:45,011] Trial 16 finished with value: 0.33674183334956653 and parameters: {'dc_offset': 26.28890241775468}. Best is trial 10 with value: 0.004072670774146443.
    Best trial: 10. Best value: 0.00407267:  64%|██████▍   | 16/25 [08:35<04:30, 30.00s/it, 486.37/3600 seconds]    Best trial: 10. Best value: 0.00407267:  64%|██████▍   | 16/25 [08:35<04:30, 30.00s/it, 486.37/3600 seconds]    Best trial: 10. Best value: 0.00407267:  68%|██████▊   | 17/25 [08:35<03:57, 29.69s/it, 486.37/3600 seconds]    Best trial: 10. Best value: 0.00407267:  68%|██████▊   | 17/25 [08:35<03:57, 29.69s/it, 515.32/3600 seconds]
    Pool 1 Twitch trains (Numba):   0%|          | 0/800 [00:00<?, ?MU/s]
    Pool 1 Twitch trains (Numba):   0%|          | 1/800 [00:00<01:41,  7.86MU/s]    Pool 1 Twitch trains (Numba): 100%|██████████| 800/800 [00:00<00:00, 4608.60MU/s]
                                                                                                                [I 2026-04-19 07:21:15,163] Trial 17 finished with value: 0.19917421829339854 and parameters: {'dc_offset': 51.30334391088108}. Best is trial 10 with value: 0.004072670774146443.
    Best trial: 10. Best value: 0.00407267:  68%|██████▊   | 17/25 [09:05<03:57, 29.69s/it, 515.32/3600 seconds]    Best trial: 10. Best value: 0.00407267:  68%|██████▊   | 17/25 [09:05<03:57, 29.69s/it, 515.32/3600 seconds]    Best trial: 10. Best value: 0.00407267:  72%|███████▏  | 18/25 [09:05<03:28, 29.83s/it, 515.32/3600 seconds]    Best trial: 10. Best value: 0.00407267:  72%|███████▏  | 18/25 [09:05<03:28, 29.83s/it, 545.47/3600 seconds]
    Pool 1 Twitch trains (Numba):   0%|          | 0/800 [00:00<?, ?MU/s]
    Pool 1 Twitch trains (Numba):   0%|          | 1/800 [00:00<01:43,  7.70MU/s]    Pool 1 Twitch trains (Numba): 100%|██████████| 800/800 [00:00<00:00, 4946.81MU/s]
                                                                                                                [I 2026-04-19 07:21:44,519] Trial 18 finished with value: 0.26729018305186913 and parameters: {'dc_offset': 27.99939228147634}. Best is trial 10 with value: 0.004072670774146443.
    Best trial: 10. Best value: 0.00407267:  72%|███████▏  | 18/25 [09:34<03:28, 29.83s/it, 545.47/3600 seconds]    Best trial: 10. Best value: 0.00407267:  72%|███████▏  | 18/25 [09:34<03:28, 29.83s/it, 545.47/3600 seconds]    Best trial: 10. Best value: 0.00407267:  76%|███████▌  | 19/25 [09:34<02:58, 29.69s/it, 545.47/3600 seconds]    Best trial: 10. Best value: 0.00407267:  76%|███████▌  | 19/25 [09:34<02:58, 29.69s/it, 574.83/3600 seconds]
    Pool 1 Twitch trains (Numba):   0%|          | 0/800 [00:00<?, ?MU/s]
    Pool 1 Twitch trains (Numba):   0%|          | 1/800 [00:00<01:42,  7.77MU/s]    Pool 1 Twitch trains (Numba): 100%|██████████| 800/800 [00:00<00:00, 5153.39MU/s]
                                                                                                                [I 2026-04-19 07:22:11,691] Trial 19 finished with value: 2000.0 and parameters: {'dc_offset': 2.3044965138706885}. Best is trial 10 with value: 0.004072670774146443.
    Best trial: 10. Best value: 0.00407267:  76%|███████▌  | 19/25 [10:02<02:58, 29.69s/it, 574.83/3600 seconds]    Best trial: 10. Best value: 0.00407267:  76%|███████▌  | 19/25 [10:02<02:58, 29.69s/it, 574.83/3600 seconds]    Best trial: 10. Best value: 0.00407267:  80%|████████  | 20/25 [10:02<02:24, 28.93s/it, 574.83/3600 seconds]    Best trial: 10. Best value: 0.00407267:  80%|████████  | 20/25 [10:02<02:24, 28.93s/it, 602.00/3600 seconds]
    Pool 1 Twitch trains (Numba):   0%|          | 0/800 [00:00<?, ?MU/s]
    Pool 1 Twitch trains (Numba):   0%|          | 1/800 [00:00<01:47,  7.45MU/s]    Pool 1 Twitch trains (Numba): 100%|██████████| 800/800 [00:00<00:00, 4417.02MU/s]
    Trial 20: Force=79.03N (target=71.87N), Error=10.0%, DC=51.4Hz, Active=549/800
                                                                                                                [I 2026-04-19 07:22:42,124] Trial 20 finished with value: 0.09973559233916786 and parameters: {'dc_offset': 51.417301752243304}. Best is trial 10 with value: 0.004072670774146443.
    Best trial: 10. Best value: 0.00407267:  80%|████████  | 20/25 [10:32<02:24, 28.93s/it, 602.00/3600 seconds]    Best trial: 10. Best value: 0.00407267:  80%|████████  | 20/25 [10:32<02:24, 28.93s/it, 602.00/3600 seconds]    Best trial: 10. Best value: 0.00407267:  84%|████████▍ | 21/25 [10:32<01:57, 29.38s/it, 602.00/3600 seconds]    Best trial: 10. Best value: 0.00407267:  84%|████████▍ | 21/25 [10:32<01:57, 29.38s/it, 632.43/3600 seconds]
    Pool 1 Twitch trains (Numba):   0%|          | 0/800 [00:00<?, ?MU/s]
    Pool 1 Twitch trains (Numba):   0%|          | 1/800 [00:00<01:42,  7.80MU/s]    Pool 1 Twitch trains (Numba): 100%|██████████| 800/800 [00:00<00:00, 4816.22MU/s]
                                                                                                                [I 2026-04-19 07:23:11,651] Trial 21 finished with value: 0.07879144930382441 and parameters: {'dc_offset': 36.25303111016437}. Best is trial 10 with value: 0.004072670774146443.
    Best trial: 10. Best value: 0.00407267:  84%|████████▍ | 21/25 [11:01<01:57, 29.38s/it, 632.43/3600 seconds]    Best trial: 10. Best value: 0.00407267:  84%|████████▍ | 21/25 [11:01<01:57, 29.38s/it, 632.43/3600 seconds]    Best trial: 10. Best value: 0.00407267:  88%|████████▊ | 22/25 [11:01<01:28, 29.43s/it, 632.43/3600 seconds]    Best trial: 10. Best value: 0.00407267:  88%|████████▊ | 22/25 [11:01<01:28, 29.43s/it, 661.96/3600 seconds]
    Pool 1 Twitch trains (Numba):   0%|          | 0/800 [00:00<?, ?MU/s]
    Pool 1 Twitch trains (Numba):   0%|          | 1/800 [00:00<01:42,  7.82MU/s]    Pool 1 Twitch trains (Numba): 100%|██████████| 800/800 [00:00<00:00, 4685.33MU/s]
                                                                                                                [I 2026-04-19 07:23:41,765] Trial 22 finished with value: 0.11622653417185361 and parameters: {'dc_offset': 45.10321870223514}. Best is trial 10 with value: 0.004072670774146443.
    Best trial: 10. Best value: 0.00407267:  88%|████████▊ | 22/25 [11:32<01:28, 29.43s/it, 661.96/3600 seconds]    Best trial: 10. Best value: 0.00407267:  88%|████████▊ | 22/25 [11:32<01:28, 29.43s/it, 661.96/3600 seconds]    Best trial: 10. Best value: 0.00407267:  92%|█████████▏| 23/25 [11:32<00:59, 29.63s/it, 661.96/3600 seconds]    Best trial: 10. Best value: 0.00407267:  92%|█████████▏| 23/25 [11:32<00:59, 29.63s/it, 692.08/3600 seconds]
    Pool 1 Twitch trains (Numba):   0%|          | 0/800 [00:00<?, ?MU/s]
    Pool 1 Twitch trains (Numba):   0%|          | 1/800 [00:00<01:43,  7.72MU/s]    Pool 1 Twitch trains (Numba): 100%|██████████| 800/800 [00:00<00:00, 4824.27MU/s]
                                                                                                                [I 2026-04-19 07:24:11,465] Trial 23 finished with value: 0.09204201718133319 and parameters: {'dc_offset': 33.67753347925725}. Best is trial 10 with value: 0.004072670774146443.
    Best trial: 10. Best value: 0.00407267:  92%|█████████▏| 23/25 [12:01<00:59, 29.63s/it, 692.08/3600 seconds]    Best trial: 10. Best value: 0.00407267:  92%|█████████▏| 23/25 [12:01<00:59, 29.63s/it, 692.08/3600 seconds]    Best trial: 10. Best value: 0.00407267:  96%|█████████▌| 24/25 [12:01<00:29, 29.65s/it, 692.08/3600 seconds]    Best trial: 10. Best value: 0.00407267:  96%|█████████▌| 24/25 [12:01<00:29, 29.65s/it, 721.78/3600 seconds]
    Pool 1 Twitch trains (Numba):   0%|          | 0/800 [00:00<?, ?MU/s]
    Pool 1 Twitch trains (Numba):   0%|          | 1/800 [00:00<01:42,  7.80MU/s]    Pool 1 Twitch trains (Numba): 100%|██████████| 800/800 [00:00<00:00, 5162.25MU/s]
