                                                                                                                [I 2026-04-19 07:24:40,106] Trial 24 finished with value: 0.4912193983455916 and parameters: {'dc_offset': 17.63348517253716}. Best is trial 10 with value: 0.004072670774146443.
    Best trial: 10. Best value: 0.00407267:  96%|█████████▌| 24/25 [12:30<00:29, 29.65s/it, 721.78/3600 seconds]    Best trial: 10. Best value: 0.00407267:  96%|█████████▌| 24/25 [12:30<00:29, 29.65s/it, 721.78/3600 seconds]    Best trial: 10. Best value: 0.00407267: 100%|██████████| 25/25 [12:30<00:00, 29.35s/it, 721.78/3600 seconds]    Best trial: 10. Best value: 0.00407267: 100%|██████████| 25/25 [12:30<00:00, 29.35s/it, 750.42/3600 seconds]    Best trial: 10. Best value: 0.00407267: 100%|██████████| 25/25 [12:30<00:00, 30.02s/it, 750.42/3600 seconds]




.. GENERATED FROM PYTHON SOURCE LINES 393-395

Analyze Results
---------------

.. GENERATED FROM PYTHON SOURCE LINES 395-414

.. code-block:: Python


    best_trial = study.best_trial

    print("\nOptimization Complete")
    print("=" * 50)
    print(f"Best trial: {best_trial.number}")
    print(f"Force error: {best_trial.value:.1%}")
    print("\nForce Results:")
    print(f"  Target:   {TARGET_FORCE__N:.2f} N ({REFERENCE_DRIVE__HZ:.1f} Hz reference)")
    print(f"  Achieved: {best_trial.user_attrs['force_achieved']:.2f} N")
    print(f"  Error:    {best_trial.user_attrs['force_error']:.1%}")
    print("\nOptimized Parameters:")
    print(f"  DC offset: {best_trial.user_attrs['dc_offset__Hz']:.2f} Hz")
    print(f"  Oscillation: {OSC_FREQUENCY__HZ} Hz (amplitude {OSC_AMPLITUDE__HZ} Hz)")
    print(f"  Active MUs: {best_trial.user_attrs['n_active']}/{N_MOTOR_UNITS}")
    print(
        f"  Firing rate: {best_trial.user_attrs['FR_mean']:.1f}±{best_trial.user_attrs['FR_std']:.1f} Hz"
    )





.. rst-class:: sphx-glr-script-out

 .. code-block:: none


    Optimization Complete
    ==================================================
    Best trial: 10
    Force error: 0.4%

    Force Results:
      Target:   71.87 N (40.0 Hz reference)
      Achieved: 72.16 N
      Error:    0.4%

    Optimized Parameters:
      DC offset: 38.07 Hz
      Oscillation: 20.0 Hz (amplitude 20.0 Hz)
      Active MUs: 460/800
      Firing rate: 7.9±2.5 Hz




.. GENERATED FROM PYTHON SOURCE LINES 415-417

Save Results
------------

.. GENERATED FROM PYTHON SOURCE LINES 417-452

.. code-block:: Python


    dd_parameters = {
        "dd_neurons": N_DD_NEURONS,
        "dd_connectivity": DD_CONNECTIVITY,
        "synaptic_weight__uS": SYNAPTIC_WEIGHT,
        "dc_offset__Hz": best_trial.user_attrs["dc_offset__Hz"],
        "process_type": "poisson",
        "poisson_batch_size": 1,
    }

    results = {
        "reference_drive__Hz": REFERENCE_DRIVE__HZ,
        "reference_force__N": REFERENCE_FORCE__N,
        "target_force__N": TARGET_FORCE__N,
        "achieved_force__N": best_trial.user_attrs["force_achieved"],
        "force_error": best_trial.user_attrs["force_error"],
        "force_scaling": {
            "max_force__N": MAX_FORCE_N,
        },
        "oscillation": {
            "frequency__Hz": OSC_FREQUENCY__HZ,
            "amplitude__Hz": OSC_AMPLITUDE__HZ,
        },
        "dd_parameters": dd_parameters,
    }

    json_path = RESULTS_DIR / "dc_offset_optimized.json"
    with open(json_path, "w") as f:
        json.dump(results, f, indent=2)

    joblib.dump(study, RESULTS_DIR / "study_oscillating_dc.pkl")

    print(f"\nSaved results: {json_path}")
    print(f"\nNext step: Run 03_10pct_mvc_simulation.py to run the full 3-phase simulation")





.. rst-class:: sphx-glr-script-out

 .. code-block:: none


    Saved results: /home/runner/work/MyoGen/MyoGen/examples/03_papers/watanabe/results/watanabe_optimization/dc_offset_optimized.json

    Next step: Run 03_10pct_mvc_simulation.py to run the full 3-phase simulation




.. GENERATED FROM PYTHON SOURCE LINES 453-455

Visualize Optimization History
-------------------------------

.. GENERATED FROM PYTHON SOURCE LINES 455-536

.. code-block:: Python


    fig = plt.figure(figsize=(14, 10))
    gs = fig.add_gridspec(2, 2, hspace=0.3, wspace=0.3)

    # Extract trial data
    trial_numbers = [t.number for t in study.trials]
    force_achieved = [t.user_attrs.get("force_achieved", None) for t in study.trials]
    force_errors = [t.value for t in study.trials]
    dc_offset_vals = [t.params.get("dc_offset", None) for t in study.trials]

    # 1. Optimization progress
    ax_error = fig.add_subplot(gs[0, 0])
    ax_error.plot(trial_numbers, force_errors, "o-", alpha=0.6, markersize=4, color=colors[0])
    ax_error.axhline(
        best_trial.value, linestyle="--", color=colors[1], label=f"Best: {best_trial.value:.2%}"
    )
    ax_error.set_ylabel("Relative Error")
    ax_error.set_title(f"Optimization Progress (DC Offset for {REFERENCE_DRIVE__HZ:.0f} Hz Match)")
    ax_error.set_yscale("log")
    ax_error.grid(True, alpha=0.3)
    ax_error.legend(framealpha=1.0, edgecolor="none")
    ax_error.set_xlabel("Trial")

    # 2. Force convergence
    ax_force = fig.add_subplot(gs[1, 0])
    ax_force.plot(trial_numbers, force_achieved, "o-", alpha=0.6, markersize=4, color=colors[0])
    ax_force.axhline(
        TARGET_FORCE__N, linestyle="--", color=colors[1], label=f"Target: {TARGET_FORCE__N:.2f} N"
    )
    ax_force.set_xlabel("Trial")
    ax_force.set_ylabel("Force (N)")
    ax_force.set_title("Force Convergence")
    ax_force.legend(framealpha=1.0, edgecolor="none")

    # 3. DC offset distribution
    ax_hist = fig.add_subplot(gs[0, 1])
    ax_hist.hist(dc_offset_vals, bins=20, alpha=0.7, color=colors[2])
    ax_hist.axvline(
        best_trial.params["dc_offset"],
        linestyle="--",
        color=colors[1],
        label=f"Best: {best_trial.params['dc_offset']:.1f}Hz",
    )
    ax_hist.set_xlabel("DC Offset (Hz)")
    ax_hist.set_ylabel("Number of Trials")
    ax_hist.set_title("DC Offset Distribution")
    ax_hist.legend(framealpha=1.0, edgecolor="none")

    # 4. Force vs DC offset relationship
    ax_scatter = fig.add_subplot(gs[1, 1])
    ax_scatter.scatter(dc_offset_vals, force_achieved, c=force_errors, s=50, alpha=0.6)
    ax_scatter.scatter(
        best_trial.params["dc_offset"],
        best_trial.user_attrs["force_achieved"],
        s=200,
        marker="*",
        color=colors[3],
        label="Best Trial",
    )
    ax_scatter.axhline(
        TARGET_FORCE__N, linestyle="--", color=colors[1], alpha=0.5, label="Target Force"
    )
    ax_scatter.set_xlabel("DC Offset (Hz)")
    ax_scatter.set_ylabel("Force (N)")
    ax_scatter.set_title("Force-DC Offset Relationship")
    ax_scatter.legend(framealpha=1.0, edgecolor="none")

    plt.tight_layout()
    plt.savefig(
        RESULTS_DIR / "optimization_history_dc_offset.png",
        dpi=150,
        bbox_inches="tight",
    )
    plt.show()

    print("\n[DONE] DC offset optimization complete!")
    print(f"Best DC offset: {best_trial.user_attrs['dc_offset__Hz']:.2f} Hz")
    print(f"Original Watanabe: 65 Hz constant → 58 Hz + oscillation (ratio: {58 / 65:.3f})")
    print(
        f"This implementation: {REFERENCE_DRIVE__HZ:.1f} Hz constant → {best_trial.user_attrs['dc_offset__Hz']:.1f} Hz + oscillation (ratio: {best_trial.user_attrs['dc_offset__Hz'] / REFERENCE_DRIVE__HZ:.3f})"
    )



.. image-sg:: /auto_examples/03_papers/watanabe/images/sphx_glr_02_optimize_oscillating_dc_001.png
   :alt: Optimization Progress (DC Offset for 40 Hz Match), Force Convergence, DC Offset Distribution, Force-DC Offset Relationship
   :srcset: /auto_examples/03_papers/watanabe/images/sphx_glr_02_optimize_oscillating_dc_001.png
   :class: sphx-glr-single-img


.. rst-class:: sphx-glr-script-out

 .. code-block:: none


    [DONE] DC offset optimization complete!
    Best DC offset: 38.07 Hz
    Original Watanabe: 65 Hz constant → 58 Hz + oscillation (ratio: 0.892)
    This implementation: 40.0 Hz constant → 38.1 Hz + oscillation (ratio: 0.952)





.. rst-class:: sphx-glr-timing

   **Total running time of the script:** (12 minutes 32.281 seconds)


.. _sphx_glr_download_auto_examples_03_papers_watanabe_02_optimize_oscillating_dc.py:

.. only:: html

  .. container:: sphx-glr-footer sphx-glr-footer-example

    .. container:: sphx-glr-download sphx-glr-download-jupyter

      :download:`Download Jupyter notebook: 02_optimize_oscillating_dc.ipynb <02_optimize_oscillating_dc.ipynb>`

    .. container:: sphx-glr-download sphx-glr-download-python

      :download:`Download Python source code: 02_optimize_oscillating_dc.py <02_optimize_oscillating_dc.py>`

    .. container:: sphx-glr-download sphx-glr-download-zip

      :download:`Download zipped: 02_optimize_oscillating_dc.zip <02_optimize_oscillating_dc.zip>`


.. only:: html

 .. rst-class:: sphx-glr-signature

    `Gallery generated by Sphinx-Gallery <https://sphinx-gallery.github.io>`_
